#
# There is insufficient memory for the Java Runtime Environment to continue.
# Native memory allocation (malloc) failed to allocate 1048576 bytes for AllocateHeap
# Possible reasons:
#   The system is out of physical RAM or swap space
#   The process is running with CompressedOops enabled, and the Java Heap may be blocking the growth of the native heap
# Possible solutions:
#   Reduce memory load on the system
#   Increase physical memory or swap space
#   Check if swap backing store is full
#   Decrease Java heap size (-Xmx/-Xms)
#   Decrease number of Java threads
#   Decrease Java thread stack sizes (-Xss)
#   Set larger code cache with -XX:ReservedCodeCacheSize=
#   JVM is running with Unscaled Compressed Oops mode in which the Java heap is
#     placed in the first 4GB address space. The Java Heap base address is the
#     maximum limit for the native heap growth. Please use -XX:HeapBaseMinAddress
#     to set the Java Heap base and to place the Java Heap above 4GB virtual address.
# This output file may be truncated or incomplete.
#
#  Out of Memory Error (./src/hotspot/share/memory/allocation.cpp:46), pid=5184, tid=11348
#
# JRE version: OpenJDK Runtime Environment (11.0.10) (build 11.0.10+0-b96-7249189)
# Java VM: OpenJDK 64-Bit Server VM (11.0.10+0-b96-7249189, mixed mode, tiered, compressed oops, g1 gc, windows-amd64)
# No core dump will be written. Minidumps are not enabled by default on client versions of Windows
#

---------------  S U M M A R Y ------------

Command Line: --add-opens=java.base/java.util=ALL-UNNAMED --add-opens=java.base/java.lang=ALL-UNNAMED --add-opens=java.base/java.lang.invoke=ALL-UNNAMED --add-opens=java.base/java.util=ALL-UNNAMED --add-opens=java.prefs/java.util.prefs=ALL-UNNAMED --add-opens=java.prefs/java.util.prefs=ALL-UNNAMED --add-opens=java.base/java.nio.charset=ALL-UNNAMED --add-opens=java.base/java.net=ALL-UNNAMED --add-opens=java.base/java.util.concurrent.atomic=ALL-UNNAMED -Xmx2048m -Dfile.encoding=UTF-8 -Duser.country=RU -Duser.language=ru -Duser.variant org.gradle.launcher.daemon.bootstrap.GradleDaemon 7.0.2

Host: Intel(R) Core(TM) i5-8300H CPU @ 2.30GHz, 8 cores, 15G,  Windows 10 , 64 bit Build 22000 (10.0.22000.282)
Time: Sat Nov  6 02:15:50 2021 RTZ 2 (зима) elapsed time: 18639.238371 seconds (0d 5h 10m 39s)

---------------  T H R E A D  ---------------

Current thread (0x0000017af5d80000):  VMThread "VM Thread" [stack: 0x0000002f55c00000,0x0000002f55d00000] [id=11348]

Stack: [0x0000002f55c00000,0x0000002f55d00000]
[error occurred during error reporting (printing stack bounds), id 0xc0000005, EXCEPTION_ACCESS_VIOLATION (0xc0000005) at pc=0x0000017adeba0f2d]

Native frames: (J=compiled Java code, j=interpreted, Vv=VM code, C=native code)
V  [jvm.dll+0x5ecfaa]
V  [jvm.dll+0x722bd5]
V  [jvm.dll+0x72412d]
V  [jvm.dll+0x724745]
V  [jvm.dll+0x7246fb]
V  [jvm.dll+0x5ec348]
V  [jvm.dll+0x5ecad8]
C  [ntdll.dll+0xa82ff]
C  [ntdll.dll+0x35a0a]
C  [ntdll.dll+0xa730e]
C  0x0000017adeba0f2d

VM_Operation (0x0000002f5b7f56b0): CollectForMetadataAllocation, mode: safepoint, requested by thread 0x0000017af93fe000


---------------  P R O C E S S  ---------------

Threads class SMR info:
_java_thread_list=0x0000017af89808d0, length=95, elements={
0x0000017adb0b0800, 0x0000017af5d81800, 0x0000017af5d8c800, 0x0000017af5da8800,
0x0000017af5da9800, 0x0000017af5daa800, 0x0000017af5dab800, 0x0000017af5dfa800,
0x0000017af5e06000, 0x0000017af5f67800, 0x0000017af77dd800, 0x0000017af6003000,
0x0000017af6314000, 0x0000017af763f000, 0x0000017af763e800, 0x0000017af9460000,
0x0000017af9461800, 0x0000017af9462000, 0x0000017af945d800, 0x0000017af9464800,
0x0000017af945f000, 0x0000017af9465800, 0x0000017af9469800, 0x0000017af9b72800,
0x0000017af9b73800, 0x0000017af9b76000, 0x0000017af9b76800, 0x0000017af9b71000,
0x0000017af9b7a800, 0x0000017af9b7c800, 0x0000017afbf2e000, 0x0000017afbf2d000,
0x0000017afbf35800, 0x0000017af62af800, 0x0000017afbf36000, 0x0000017af9b75000,
0x0000017af9b7d000, 0x0000017af62a7800, 0x0000017afe770000, 0x0000017afe774000,
0x0000017afe76f800, 0x0000017afe771000, 0x0000017afe76c000, 0x0000017afe76a800,
0x0000017af9466800, 0x0000017afe76d000, 0x0000017af9b77800, 0x0000017afe767000,
0x0000017af9463000, 0x0000017af945c800, 0x0000017af9460800, 0x0000017af945e000,
0x0000017af9468000, 0x0000017af9467000, 0x0000017af946b000, 0x0000017af62a3800,
0x0000017af62a5000, 0x0000017af62a4000, 0x0000017af62a1800, 0x0000017af62a6000,
0x0000017af62a6800, 0x0000017af62a1000, 0x0000017af62aa800, 0x0000017af62ac800,
0x0000017af62ad000, 0x0000017af62af000, 0x0000017af62a9000, 0x0000017af62aa000,
0x0000017af62ab800, 0x0000017afbf29000, 0x0000017afbf2f800, 0x0000017afbf2a800,
0x0000017afbf2f000, 0x0000017afbf2b800, 0x0000017afbf2a000, 0x0000017afbf33000,
0x0000017afbf33800, 0x0000017afbf34800, 0x0000017afbf30800, 0x0000017afbf37000,
0x0000017afbf37800, 0x0000017afbf32000, 0x0000017afe768000, 0x0000017afe76e800,
0x0000017afe769000, 0x0000017af9b6f000, 0x0000017af9b71800, 0x0000017af93fe000,
0x0000017af93ff000, 0x0000017af93fd800, 0x0000017af93fc800, 0x0000017af9400000,
0x0000017af9400800, 0x0000017afe76d800, 0x0000017afe76b800
}

Java Threads: ( => current thread )
  0x0000017adb0b0800 JavaThread "main" [_thread_blocked, id=7812, stack(0x0000002f55600000,0x0000002f55700000)]
  0x0000017af5d81800 JavaThread "Reference Handler" daemon [_thread_blocked, id=10724, stack(0x0000002f55d00000,0x0000002f55e00000)]
  0x0000017af5d8c800 JavaThread "Finalizer" daemon [_thread_blocked, id=12820, stack(0x0000002f55e00000,0x0000002f55f00000)]
  0x0000017af5da8800 JavaThread "Signal Dispatcher" daemon [_thread_blocked, id=12948, stack(0x0000002f55f00000,0x0000002f56000000)]
  0x0000017af5da9800 JavaThread "Attach Listener" daemon [_thread_blocked, id=3004, stack(0x0000002f56000000,0x0000002f56100000)]
  0x0000017af5daa800 JavaThread "Service Thread" daemon [_thread_blocked, id=11576, stack(0x0000002f56100000,0x0000002f56200000)]
  0x0000017af5dab800 JavaThread "C2 CompilerThread0" daemon [_thread_blocked, id=11848, stack(0x0000002f56200000,0x0000002f56300000)]
  0x0000017af5dfa800 JavaThread "C1 CompilerThread0" daemon [_thread_blocked, id=3308, stack(0x0000002f56300000,0x0000002f56400000)]
  0x0000017af5e06000 JavaThread "Sweeper thread" daemon [_thread_blocked, id=10180, stack(0x0000002f56400000,0x0000002f56500000)]
  0x0000017af5f67800 JavaThread "Common-Cleaner" daemon [_thread_blocked, id=9000, stack(0x0000002f56500000,0x0000002f56600000)]
  0x0000017af77dd800 JavaThread "Daemon health stats" [_thread_blocked, id=6788, stack(0x0000002f56e00000,0x0000002f56f00000)]
  0x0000017af6003000 JavaThread "Incoming local TCP Connector on port 50303" [_thread_in_native, id=8656, stack(0x0000002f56700000,0x0000002f56800000)]
  0x0000017af6314000 JavaThread "Daemon periodic checks" [_thread_blocked, id=4584, stack(0x0000002f56800000,0x0000002f56900000)]
  0x0000017af763f000 JavaThread "Cache worker for file hash cache (C:\Users\Jlogblpb\.gradle\caches\7.0.2\fileHashes)" [_thread_blocked, id=3284, stack(0x0000002f57700000,0x0000002f57800000)]
  0x0000017af763e800 JavaThread "File lock request listener" [_thread_in_native, id=7552, stack(0x0000002f57800000,0x0000002f57900000)]
  0x0000017af9460000 JavaThread "Cache worker for journal cache (C:\Users\Jlogblpb\.gradle\caches\journal-1)" [_thread_blocked, id=6040, stack(0x0000002f57c00000,0x0000002f57d00000)]
  0x0000017af9461800 JavaThread "File watcher server" daemon [_thread_blocked, id=11828, stack(0x0000002f57e00000,0x0000002f57f00000)]
  0x0000017af9462000 JavaThread "File watcher consumer" daemon [_thread_blocked, id=11332, stack(0x0000002f57f00000,0x0000002f58000000)]
  0x0000017af945d800 JavaThread "Cache worker for execution history cache (C:\Users\Jlogblpb\.gradle\caches\7.0.2\executionHistory)" [_thread_blocked, id=6508, stack(0x0000002f58400000,0x0000002f58500000)]
  0x0000017af9464800 JavaThread "jar transforms" [_thread_blocked, id=10736, stack(0x0000002f58500000,0x0000002f58600000)]
  0x0000017af945f000 JavaThread "jar transforms Thread 2" [_thread_blocked, id=5492, stack(0x0000002f58600000,0x0000002f58700000)]
  0x0000017af9465800 JavaThread "Cache worker for file content cache (C:\Users\Jlogblpb\.gradle\caches\7.0.2\fileContent)" [_thread_blocked, id=12656, stack(0x0000002f58700000,0x0000002f58800000)]
  0x0000017af9469800 JavaThread "jar transforms Thread 3" [_thread_blocked, id=11552, stack(0x0000002f58900000,0x0000002f58a00000)]
  0x0000017af9b72800 JavaThread "jar transforms Thread 4" [_thread_blocked, id=9592, stack(0x0000002f59300000,0x0000002f59400000)]
  0x0000017af9b73800 JavaThread "jar transforms Thread 5" [_thread_blocked, id=6664, stack(0x0000002f59400000,0x0000002f59500000)]
  0x0000017af9b76000 JavaThread "jar transforms Thread 6" [_thread_blocked, id=5964, stack(0x0000002f59500000,0x0000002f59600000)]
  0x0000017af9b76800 JavaThread "jar transforms Thread 7" [_thread_blocked, id=11252, stack(0x0000002f59600000,0x0000002f59700000)]
  0x0000017af9b71000 JavaThread "jar transforms Thread 8" [_thread_blocked, id=1868, stack(0x0000002f59700000,0x0000002f59800000)]
  0x0000017af9b7a800 JavaThread "Memory manager" [_thread_blocked, id=9580, stack(0x0000002f59800000,0x0000002f59900000)]
  0x0000017af9b7c800 JavaThread "pool-3-thread-1" [_thread_blocked, id=11088, stack(0x0000002f59a00000,0x0000002f59b00000)]
  0x0000017afbf2e000 JavaThread "RMI Scheduler(0)" daemon [_thread_blocked, id=10280, stack(0x0000002f57300000,0x0000002f57400000)]
  0x0000017afbf2d000 JavaThread "RMI TCP Accept-0" daemon [_thread_in_native, id=9156, stack(0x0000002f5a500000,0x0000002f5a600000)]
  0x0000017afbf35800 JavaThread "pool-7-thread-1" [_thread_blocked, id=8320, stack(0x0000002f59200000,0x0000002f59300000)]
  0x0000017af62af800 JavaThread "pool-11-thread-1" [_thread_blocked, id=8300, stack(0x0000002f59900000,0x0000002f59a00000)]
  0x0000017afbf36000 JavaThread "pool-15-thread-1" [_thread_blocked, id=14252, stack(0x0000002f59b00000,0x0000002f59c00000)]
  0x0000017af9b75000 JavaThread "RMI GC Daemon" daemon [_thread_blocked, id=6432, stack(0x0000002f59000000,0x0000002f59100000)]
  0x0000017af9b7d000 JavaThread "RMI Reaper" [_thread_blocked, id=15244, stack(0x0000002f5a600000,0x0000002f5a700000)]
  0x0000017af62a7800 JavaThread "pool-19-thread-1" [_thread_blocked, id=9664, stack(0x0000002f59f00000,0x0000002f5a000000)]
  0x0000017afe770000 JavaThread "pool-23-thread-1" [_thread_blocked, id=6368, stack(0x0000002f59d00000,0x0000002f59e00000)]
  0x0000017afe774000 JavaThread "pool-27-thread-1" [_thread_blocked, id=14160, stack(0x0000002f5a000000,0x0000002f5a100000)]
  0x0000017afe76f800 JavaThread "pool-31-thread-1" [_thread_blocked, id=13088, stack(0x0000002f5a100000,0x0000002f5a200000)]
  0x0000017afe771000 JavaThread "pool-35-thread-1" [_thread_blocked, id=12860, stack(0x0000002f5a200000,0x0000002f5a300000)]
  0x0000017afe76c000 JavaThread "pool-39-thread-1" [_thread_blocked, id=6860, stack(0x0000002f59e00000,0x0000002f59f00000)]
  0x0000017afe76a800 JavaThread "pool-43-thread-1" [_thread_blocked, id=9932, stack(0x0000002f5a300000,0x0000002f5a400000)]
  0x0000017af9466800 JavaThread "ForkJoinPool.commonPool-worker-3" daemon [_thread_blocked, id=14384, stack(0x0000002f5b000000,0x0000002f5b100000)]
  0x0000017afe76d000 JavaThread "pool-47-thread-1" [_thread_blocked, id=11196, stack(0x0000002f5a400000,0x0000002f5a500000)]
  0x0000017af9b77800 JavaThread "ForkJoinPool.commonPool-worker-9" daemon [_thread_blocked, id=4148, stack(0x0000002f5b200000,0x0000002f5b300000)]
  0x0000017afe767000 JavaThread "pool-51-thread-1" [_thread_blocked, id=6908, stack(0x0000002f5a700000,0x0000002f5a800000)]
  0x0000017af9463000 JavaThread "ForkJoinPool.commonPool-worker-7" daemon [_thread_blocked, id=15152, stack(0x0000002f5c200000,0x0000002f5c300000)]
  0x0000017af945c800 JavaThread "RMI TCP Connection(76)-127.0.0.1" daemon [_thread_in_native, id=13296, stack(0x0000002f55300000,0x0000002f55400000)]
  0x0000017af9460800 JavaThread "Daemon Thread 12" [_thread_blocked, id=3700, stack(0x0000002f55500000,0x0000002f55600000)]
  0x0000017af945e000 JavaThread "Handler for socket connection from /127.0.0.1:50303 to /127.0.0.1:56925" [_thread_in_native, id=13392, stack(0x0000002f56f00000,0x0000002f57000000)]
  0x0000017af9468000 JavaThread "Cancel handler" [_thread_blocked, id=5764, stack(0x0000002f57000000,0x0000002f57100000)]
  0x0000017af9467000 JavaThread "Daemon worker Thread 12" [_thread_blocked, id=14804, stack(0x0000002f57100000,0x0000002f57200000)]
  0x0000017af946b000 JavaThread "Asynchronous log dispatcher for DefaultDaemonConnection: socket connection from /127.0.0.1:50303 to /127.0.0.1:56925" [_thread_blocked, id=3008, stack(0x0000002f57200000,0x0000002f57300000)]
  0x0000017af62a3800 JavaThread "Stdin handler" [_thread_blocked, id=13020, stack(0x0000002f57400000,0x0000002f57500000)]
  0x0000017af62a5000 JavaThread "Daemon client event forwarder" [_thread_blocked, id=11952, stack(0x0000002f57500000,0x0000002f57600000)]
  0x0000017af62a4000 JavaThread "Cache worker for file hash cache (C:\Users\Jlogblpb\AndroidStudioProjects\Keys\.gradle\7.0.2\fileHashes)" [_thread_blocked, id=8356, stack(0x0000002f57600000,0x0000002f57700000)]
  0x0000017af62a1800 JavaThread "Cache worker for checksums cache (C:\Users\Jlogblpb\AndroidStudioProjects\Keys\.gradle\checksums)" [_thread_blocked, id=4796, stack(0x0000002f57d00000,0x0000002f57e00000)]
  0x0000017af62a6000 JavaThread "Cache worker for cache directory md-supplier (C:\Users\Jlogblpb\.gradle\caches\7.0.2\md-supplier)" [_thread_blocked, id=9344, stack(0x0000002f58000000,0x0000002f58100000)]
  0x0000017af62a6800 JavaThread "Cache worker for cache directory md-rule (C:\Users\Jlogblpb\.gradle\caches\7.0.2\md-rule)" [_thread_blocked, id=772, stack(0x0000002f58100000,0x0000002f58200000)]
  0x0000017af62a1000 JavaThread "Cache worker for dependencies-accessors (C:\Users\Jlogblpb\AndroidStudioProjects\Keys\.gradle\7.0.2\dependencies-accessors)" [_thread_blocked, id=6928, stack(0x0000002f58200000,0x0000002f58300000)]
  0x0000017af62aa800 JavaThread "Cache worker for Build Output Cleanup Cache (C:\Users\Jlogblpb\AndroidStudioProjects\Keys\.gradle\buildOutputCleanup)" [_thread_blocked, id=13336, stack(0x0000002f58300000,0x0000002f58400000)]
  0x0000017af62ac800 JavaThread "Build operations" [_thread_blocked, id=13816, stack(0x0000002f58b00000,0x0000002f58c00000)]
  0x0000017af62ad000 JavaThread "Build operations Thread 2" [_thread_blocked, id=13164, stack(0x0000002f58c00000,0x0000002f58d00000)]
  0x0000017af62af000 JavaThread "Build operations Thread 3" [_thread_blocked, id=7252, stack(0x0000002f58d00000,0x0000002f58e00000)]
  0x0000017af62a9000 JavaThread "Build operations Thread 4" [_thread_blocked, id=9948, stack(0x0000002f58e00000,0x0000002f58f00000)]
  0x0000017af62aa000 JavaThread "Build operations Thread 5" [_thread_blocked, id=592, stack(0x0000002f58f00000,0x0000002f59000000)]
  0x0000017af62ab800 JavaThread "Build operations Thread 6" [_thread_blocked, id=2592, stack(0x0000002f59100000,0x0000002f59200000)]
  0x0000017afbf29000 JavaThread "Build operations Thread 7" [_thread_blocked, id=14276, stack(0x0000002f59c00000,0x0000002f59d00000)]
  0x0000017afbf2f800 JavaThread "Build operations Thread 8" [_thread_blocked, id=14760, stack(0x0000002f5a800000,0x0000002f5a900000)]
  0x0000017afbf2a800 JavaThread "build event listener" [_thread_blocked, id=3364, stack(0x0000002f5a900000,0x0000002f5aa00000)]
  0x0000017afbf2f000 JavaThread "pool-55-thread-1" [_thread_blocked, id=7108, stack(0x0000002f5aa00000,0x0000002f5ab00000)]
  0x0000017afbf2b800 JavaThread "build event listener" [_thread_blocked, id=13764, stack(0x0000002f5ab00000,0x0000002f5ac00000)]
  0x0000017afbf2a000 JavaThread "Execution worker for ':'" [_thread_blocked, id=4188, stack(0x0000002f5ac00000,0x0000002f5ad00000)]
  0x0000017afbf33000 JavaThread "Execution worker for ':' Thread 2" [_thread_blocked, id=12348, stack(0x0000002f5ad00000,0x0000002f5ae00000)]
  0x0000017afbf33800 JavaThread "Execution worker for ':' Thread 3" [_thread_blocked, id=15344, stack(0x0000002f5ae00000,0x0000002f5af00000)]
  0x0000017afbf34800 JavaThread "Cache worker for execution history cache (C:\Users\Jlogblpb\AndroidStudioProjects\Keys\.gradle\7.0.2\executionHistory)" [_thread_blocked, id=2700, stack(0x0000002f5af00000,0x0000002f5b000000)]
  0x0000017afbf30800 JavaThread "Execution worker for ':' Thread 4" [_thread_blocked, id=14460, stack(0x0000002f5b100000,0x0000002f5b200000)]
  0x0000017afbf37000 JavaThread "Execution worker for ':' Thread 5" [_thread_blocked, id=7852, stack(0x0000002f5b300000,0x0000002f5b400000)]
  0x0000017afbf37800 JavaThread "Execution worker for ':' Thread 6" [_thread_blocked, id=15320, stack(0x0000002f5b400000,0x0000002f5b500000)]
  0x0000017afbf32000 JavaThread "Execution worker for ':' Thread 7" [_thread_blocked, id=1832, stack(0x0000002f5b500000,0x0000002f5b600000)]
  0x0000017afe768000 JavaThread "RMI TCP Connection(77)-127.0.0.1" daemon [_thread_in_native, id=9308, stack(0x0000002f5b800000,0x0000002f5b900000)]
  0x0000017afe76e800 JavaThread "RMI TCP Connection(78)-127.0.0.1" daemon [_thread_in_native, id=4708, stack(0x0000002f5b900000,0x0000002f5ba00000)]
  0x0000017afe769000 JavaThread "RMI TCP Connection(79)-127.0.0.1" daemon [_thread_in_native, id=14040, stack(0x0000002f5ba00000,0x0000002f5bb00000)]
  0x0000017af9b6f000 JavaThread "WorkerExecutor Queue Thread 8" [_thread_blocked, id=512, stack(0x0000002f5c100000,0x0000002f5c200000)]
  0x0000017af9b71800 JavaThread "WorkerExecutor Queue Thread 9" [_thread_blocked, id=11084, stack(0x0000002f5c300000,0x0000002f5c400000)]
  0x0000017af93fe000 JavaThread "WorkerExecutor Queue Thread 10" [_thread_blocked, id=1704, stack(0x0000002f5b700000,0x0000002f5b800000)]
  0x0000017af93ff000 JavaThread "WorkerExecutor Queue Thread 11" [_thread_blocked, id=4256, stack(0x0000002f5b600000,0x0000002f5b700000)]
  0x0000017af93fd800 JavaThread "ForkJoinPool.commonPool-worker-11" daemon [_thread_blocked, id=10080, stack(0x0000002f5bb00000,0x0000002f5bc00000)]
  0x0000017af93fc800 JavaThread "ForkJoinPool.commonPool-worker-13" daemon [_thread_blocked, id=14056, stack(0x0000002f58a00000,0x0000002f58b00000)]
  0x0000017af9400000 JavaThread "ForkJoinPool.commonPool-worker-15" daemon [_thread_blocked, id=13424, stack(0x0000002f58800000,0x0000002f58900000)]
  0x0000017af9400800 JavaThread "ForkJoinPool.commonPool-worker-1" daemon [_thread_blocked, id=10776, stack(0x0000002f5bc00000,0x0000002f5bd00000)]
  0x0000017afe76d800 JavaThread "C2 CompilerThread1" daemon [_thread_blocked, id=7652, stack(0x0000002f5bd00000,0x0000002f5be00000)]
  0x0000017afe76b800 JavaThread "C2 CompilerThread2" daemon [_thread_blocked, id=14880, stack(0x0000002f5be00000,0x0000002f5bf00000)]

Other Threads:
=>0x0000017af5d80000 VMThread "VM Thread" [stack: 0x0000002f55c00000,0x0000002f55d00000] [id=11348]
  0x0000017af5fa1000 WatcherThread [stack: 0x0000002f56600000,0x0000002f56700000] [id=4220]
  0x0000017adb0c7800 GCTaskThread "GC Thread#0" [stack: 0x0000002f55700000,0x0000002f55800000] [id=10760]
  0x0000017af67e8800 GCTaskThread "GC Thread#1" [stack: 0x0000002f56900000,0x0000002f56a00000] [id=12736]
  0x0000017af6f87800 GCTaskThread "GC Thread#2" [stack: 0x0000002f56a00000,0x0000002f56b00000] [id=10796]
  0x0000017af639a000 GCTaskThread "GC Thread#3" [stack: 0x0000002f56b00000,0x0000002f56c00000] [id=5972]
  0x0000017af682b000 GCTaskThread "GC Thread#4" [stack: 0x0000002f56c00000,0x0000002f56d00000] [id=8440]
  0x0000017af682b800 GCTaskThread "GC Thread#5" [stack: 0x0000002f56d00000,0x0000002f56e00000] [id=9728]
  0x0000017af6e4f000 GCTaskThread "GC Thread#6" [stack: 0x0000002f57900000,0x0000002f57a00000] [id=4372]
  0x0000017af8c14800 GCTaskThread "GC Thread#7" [stack: 0x0000002f57a00000,0x0000002f57b00000] [id=6568]
  0x0000017adb0fd000 ConcurrentGCThread "G1 Main Marker" [stack: 0x0000002f55800000,0x0000002f55900000] [id=4204]
  0x0000017adb0fe000 ConcurrentGCThread "G1 Conc#0" [stack: 0x0000002f55900000,0x0000002f55a00000] [id=13124]
  0x0000017af64cb000 ConcurrentGCThread "G1 Conc#1" [stack: 0x0000002f57b00000,0x0000002f57c00000] [id=11596]
  0x0000017af53cd000 ConcurrentGCThread "G1 Refine#0" [stack: 0x0000002f55a00000,0x0000002f55b00000] [id=2052]
  0x0000017a82f3a800 ConcurrentGCThread "G1 Refine#1" [stack: 0x0000002f5ca00000,0x0000002f5cb00000] [id=1784]
  0x0000017a82f3b800 ConcurrentGCThread "G1 Refine#2" [stack: 0x0000002f5cb00000,0x0000002f5cc00000] [id=14392]
  0x0000017a82f3c800 ConcurrentGCThread "G1 Refine#3" [stack: 0x0000002f5cc00000,0x0000002f5cd00000] [id=13324]
  0x0000017a82f3d000 ConcurrentGCThread "G1 Refine#4" [stack: 0x0000002f5cd00000,0x0000002f5ce00000] [id=4840]
  0x0000017a82f39800 ConcurrentGCThread "G1 Refine#5" [stack: 0x0000002f5ce00000,0x0000002f5cf00000] [id=11940]
  0x0000017a82f40000 ConcurrentGCThread "G1 Refine#6" [stack: 0x0000002f5cf00000,0x0000002f5d000000] [id=11864]
  0x0000017af53ce000 ConcurrentGCThread "G1 Young RemSet Sampling" [stack: 0x0000002f55b00000,0x0000002f55c00000] [id=7620]

Threads with active compile tasks:

VM state:at safepoint (normal execution)

VM Mutex/Monitor currently owned by a thread:  ([mutex/lock_event])
[0x0000017adb0ac7e0] Threads_lock - owner thread: 0x0000017af5d80000
[0x0000017adb0acab0] Heap_lock - owner thread: 0x0000017af93fe000

Heap address: 0x0000000080000000, size: 2048 MB, Compressed Oops mode: 32-bit
Narrow klass base: 0x0000000000000000, Narrow klass shift: 3
Compressed class space size: 1073741824 Address: 0x0000000100000000

Heap:
 garbage-first heap   total 284672K, used 133284K [0x0000000080000000, 0x0000000100000000)
  region size 1024K, 6 young (6144K), 4 survivors (4096K)
 Metaspace       used 160122K, capacity 164349K, committed 164428K, reserved 1212416K
  class space    used 19787K, capacity 21298K, committed 21324K, reserved 1048576K
Heap Regions: E=young(eden), S=young(survivor), O=old, HS=humongous(starts), HC=humongous(continues), CS=collection set, F=free, A=archive, TAMS=top-at-mark-start (previous, next)
|   0|0x0000000080000000, 0x00000000800f79d0, 0x0000000080100000| 96%| O|  |TAMS 0x00000000800f79d0, 0x00000000800f79d0| Untracked 
|   1|0x0000000080100000, 0x00000000801f63b0, 0x0000000080200000| 96%| O|  |TAMS 0x00000000801f63b0, 0x00000000801f63b0| Untracked 
|   2|0x0000000080200000, 0x0000000080300000, 0x0000000080300000|100%| O|  |TAMS 0x0000000080300000, 0x0000000080300000| Untracked 
|   3|0x0000000080300000, 0x0000000080400000, 0x0000000080400000|100%|HS|  |TAMS 0x0000000080400000, 0x0000000080400000| Complete 
|   4|0x0000000080400000, 0x0000000080500000, 0x0000000080500000|100%|HC|  |TAMS 0x0000000080500000, 0x0000000080500000| Complete 
|   5|0x0000000080500000, 0x0000000080600000, 0x0000000080600000|100%|HC|  |TAMS 0x0000000080600000, 0x0000000080600000| Complete 
|   6|0x0000000080600000, 0x00000000806fc5c8, 0x0000000080700000| 98%| O|  |TAMS 0x00000000806fc5c8, 0x00000000806fc5c8| Untracked 
|   7|0x0000000080700000, 0x00000000807fdfc8, 0x0000000080800000| 99%| O|  |TAMS 0x00000000807fdfc8, 0x00000000807fdfc8| Untracked 
|   8|0x0000000080800000, 0x00000000808f69f8, 0x0000000080900000| 96%| O|  |TAMS 0x00000000808f69f8, 0x00000000808f69f8| Untracked 
|   9|0x0000000080900000, 0x00000000809fffd8, 0x0000000080a00000| 99%| O|  |TAMS 0x00000000809fffd8, 0x00000000809fffd8| Untracked 
|  10|0x0000000080a00000, 0x0000000080afffe8, 0x0000000080b00000| 99%| O|  |TAMS 0x0000000080afffe8, 0x0000000080afffe8| Untracked 
|  11|0x0000000080b00000, 0x0000000080c00000, 0x0000000080c00000|100%| O|  |TAMS 0x0000000080c00000, 0x0000000080c00000| Untracked 
|  12|0x0000000080c00000, 0x0000000080cfffd8, 0x0000000080d00000| 99%| O|  |TAMS 0x0000000080cfffd8, 0x0000000080cfffd8| Untracked 
|  13|0x0000000080d00000, 0x0000000080dfffe8, 0x0000000080e00000| 99%| O|  |TAMS 0x0000000080dfffe8, 0x0000000080dfffe8| Untracked 
|  14|0x0000000080e00000, 0x0000000080effff0, 0x0000000080f00000| 99%| O|  |TAMS 0x0000000080effff0, 0x0000000080effff0| Untracked 
|  15|0x0000000080f00000, 0x0000000080ffffa8, 0x0000000081000000| 99%| O|  |TAMS 0x0000000080ffffa8, 0x0000000080ffffa8| Untracked 
|  16|0x0000000081000000, 0x00000000810fa708, 0x0000000081100000| 97%| O|  |TAMS 0x00000000810fa708, 0x00000000810fa708| Untracked 
|  17|0x0000000081100000, 0x0000000081200000, 0x0000000081200000|100%|HS|  |TAMS 0x0000000081200000, 0x0000000081200000| Complete 
|  18|0x0000000081200000, 0x0000000081300000, 0x0000000081300000|100%|HS|  |TAMS 0x0000000081300000, 0x0000000081300000| Complete 
|  19|0x0000000081300000, 0x0000000081400000, 0x0000000081400000|100%|HS|  |TAMS 0x0000000081400000, 0x0000000081400000| Complete 
|  20|0x0000000081400000, 0x0000000081500000, 0x0000000081500000|100%|HS|  |TAMS 0x0000000081500000, 0x0000000081500000| Complete 
|  21|0x0000000081500000, 0x0000000081600000, 0x0000000081600000|100%|HC|  |TAMS 0x0000000081600000, 0x0000000081600000| Complete 
|  22|0x0000000081600000, 0x0000000081700000, 0x0000000081700000|100%|HC|  |TAMS 0x0000000081700000, 0x0000000081700000| Complete 
|  23|0x0000000081700000, 0x0000000081800000, 0x0000000081800000|100%|HS|  |TAMS 0x0000000081800000, 0x0000000081800000| Complete 
|  24|0x0000000081800000, 0x0000000081900000, 0x0000000081900000|100%|HC|  |TAMS 0x0000000081900000, 0x0000000081900000| Complete 
|  25|0x0000000081900000, 0x0000000081a00000, 0x0000000081a00000|100%| O|  |TAMS 0x0000000081a00000, 0x0000000081a00000| Untracked 
|  26|0x0000000081a00000, 0x0000000081affff8, 0x0000000081b00000| 99%| O|  |TAMS 0x0000000081affff8, 0x0000000081affff8| Untracked 
|  27|0x0000000081b00000, 0x0000000081bffff0, 0x0000000081c00000| 99%| O|  |TAMS 0x0000000081bffff0, 0x0000000081bffff0| Untracked 
|  28|0x0000000081c00000, 0x0000000081cfffd8, 0x0000000081d00000| 99%| O|  |TAMS 0x0000000081cfffd8, 0x0000000081cfffd8| Untracked 
|  29|0x0000000081d00000, 0x0000000081e00000, 0x0000000081e00000|100%| O|  |TAMS 0x0000000081e00000, 0x0000000081e00000| Untracked 
|  30|0x0000000081e00000, 0x0000000081f00000, 0x0000000081f00000|100%| O|  |TAMS 0x0000000081f00000, 0x0000000081f00000| Untracked 
|  31|0x0000000081f00000, 0x0000000081fffff8, 0x0000000082000000| 99%| O|  |TAMS 0x0000000081fffff8, 0x0000000081fffff8| Untracked 
|  32|0x0000000082000000, 0x00000000820e83e0, 0x0000000082100000| 90%| O|  |TAMS 0x00000000820e83e0, 0x00000000820e83e0| Untracked 
|  33|0x0000000082100000, 0x00000000821ff188, 0x0000000082200000| 99%| O|  |TAMS 0x00000000821ff188, 0x00000000821ff188| Untracked 
|  34|0x0000000082200000, 0x00000000822e51a8, 0x0000000082300000| 89%| O|  |TAMS 0x00000000822e51a8, 0x00000000822e51a8| Untracked 
|  35|0x0000000082300000, 0x00000000823ffbf8, 0x0000000082400000| 99%| O|  |TAMS 0x00000000823ffbf8, 0x00000000823ffbf8| Untracked 
|  36|0x0000000082400000, 0x00000000824fffb8, 0x0000000082500000| 99%| O|  |TAMS 0x00000000824fffb8, 0x00000000824fffb8| Untracked 
|  37|0x0000000082500000, 0x00000000825ffff0, 0x0000000082600000| 99%| O|  |TAMS 0x00000000825ffff0, 0x00000000825ffff0| Untracked 
|  38|0x0000000082600000, 0x00000000826ffff0, 0x0000000082700000| 99%| O|  |TAMS 0x00000000826ffff0, 0x00000000826ffff0| Untracked 
|  39|0x0000000082700000, 0x00000000827fffe8, 0x0000000082800000| 99%| O|  |TAMS 0x00000000827fffe8, 0x00000000827fffe8| Untracked 
|  40|0x0000000082800000, 0x00000000828fffc0, 0x0000000082900000| 99%| O|  |TAMS 0x00000000828fffc0, 0x00000000828fffc0| Untracked 
|  41|0x0000000082900000, 0x00000000829ffe30, 0x0000000082a00000| 99%| O|  |TAMS 0x00000000829ffe30, 0x00000000829ffe30| Untracked 
|  42|0x0000000082a00000, 0x0000000082affff0, 0x0000000082b00000| 99%| O|  |TAMS 0x0000000082affff0, 0x0000000082affff0| Untracked 
|  43|0x0000000082b00000, 0x0000000082bfffc8, 0x0000000082c00000| 99%| O|  |TAMS 0x0000000082bfffc8, 0x0000000082bfffc8| Untracked 
|  44|0x0000000082c00000, 0x0000000082d00000, 0x0000000082d00000|100%| O|  |TAMS 0x0000000082d00000, 0x0000000082d00000| Untracked 
|  45|0x0000000082d00000, 0x0000000082dffff8, 0x0000000082e00000| 99%| O|  |TAMS 0x0000000082dffff8, 0x0000000082dffff8| Untracked 
|  46|0x0000000082e00000, 0x0000000082f00000, 0x0000000082f00000|100%| O|  |TAMS 0x0000000082f00000, 0x0000000082f00000| Untracked 
|  47|0x0000000082f00000, 0x0000000082ffffe8, 0x0000000083000000| 99%| O|  |TAMS 0x0000000082ffffe8, 0x0000000082ffffe8| Untracked 
|  48|0x0000000083000000, 0x00000000830ff050, 0x0000000083100000| 99%| O|  |TAMS 0x00000000830ff050, 0x00000000830ff050| Untracked 
|  49|0x0000000083100000, 0x00000000831fffe8, 0x0000000083200000| 99%| O|  |TAMS 0x00000000831fffe8, 0x00000000831fffe8| Untracked 
|  50|0x0000000083200000, 0x00000000832fffd0, 0x0000000083300000| 99%| O|  |TAMS 0x00000000832fffd0, 0x00000000832fffd0| Untracked 
|  51|0x0000000083300000, 0x00000000833fd650, 0x0000000083400000| 98%| O|  |TAMS 0x00000000833fd650, 0x00000000833fd650| Untracked 
|  52|0x0000000083400000, 0x0000000083500000, 0x0000000083500000|100%| O|  |TAMS 0x0000000083500000, 0x0000000083500000| Untracked 
|  53|0x0000000083500000, 0x00000000835fffe8, 0x0000000083600000| 99%| O|  |TAMS 0x00000000835fffe8, 0x00000000835fffe8| Untracked 
|  54|0x0000000083600000, 0x00000000836fffb8, 0x0000000083700000| 99%| O|  |TAMS 0x00000000836fffb8, 0x00000000836fffb8| Untracked 
|  55|0x0000000083700000, 0x00000000837fffe0, 0x0000000083800000| 99%| O|  |TAMS 0x00000000837fffe0, 0x00000000837fffe0| Untracked 
|  56|0x0000000083800000, 0x0000000083900000, 0x0000000083900000|100%| O|  |TAMS 0x0000000083900000, 0x0000000083900000| Untracked 
|  57|0x0000000083900000, 0x00000000839fffe0, 0x0000000083a00000| 99%| O|  |TAMS 0x00000000839fffe0, 0x00000000839fffe0| Untracked 
|  58|0x0000000083a00000, 0x0000000083b00000, 0x0000000083b00000|100%| O|  |TAMS 0x0000000083b00000, 0x0000000083b00000| Untracked 
|  59|0x0000000083b00000, 0x0000000083bffff8, 0x0000000083c00000| 99%| O|  |TAMS 0x0000000083bffff8, 0x0000000083bffff8| Untracked 
|  60|0x0000000083c00000, 0x0000000083d00000, 0x0000000083d00000|100%| O|  |TAMS 0x0000000083d00000, 0x0000000083d00000| Untracked 
|  61|0x0000000083d00000, 0x0000000083e00000, 0x0000000083e00000|100%| O|  |TAMS 0x0000000083e00000, 0x0000000083e00000| Untracked 
|  62|0x0000000083e00000, 0x0000000083efffe8, 0x0000000083f00000| 99%| O|  |TAMS 0x0000000083efffe8, 0x0000000083efffe8| Untracked 
|  63|0x0000000083f00000, 0x0000000083ffffe8, 0x0000000084000000| 99%| O|  |TAMS 0x0000000083ffffe8, 0x0000000083ffffe8| Untracked 
|  64|0x0000000084000000, 0x00000000840ffff0, 0x0000000084100000| 99%| O|  |TAMS 0x00000000840ffff0, 0x00000000840ffff0| Untracked 
|  65|0x0000000084100000, 0x00000000841ffff0, 0x0000000084200000| 99%| O|  |TAMS 0x00000000841ffff0, 0x00000000841ffff0| Untracked 
|  66|0x0000000084200000, 0x00000000842fffe0, 0x0000000084300000| 99%| O|  |TAMS 0x00000000842fffe0, 0x00000000842fffe0| Untracked 
|  67|0x0000000084300000, 0x00000000843fe010, 0x0000000084400000| 99%| O|  |TAMS 0x00000000843fe010, 0x00000000843fe010| Untracked 
|  68|0x0000000084400000, 0x00000000844fffd8, 0x0000000084500000| 99%| O|  |TAMS 0x00000000844fffd8, 0x00000000844fffd8| Untracked 
|  69|0x0000000084500000, 0x00000000845fffe0, 0x0000000084600000| 99%| O|  |TAMS 0x00000000845fffe0, 0x00000000845fffe0| Untracked 
|  70|0x0000000084600000, 0x00000000846f83c8, 0x0000000084700000| 96%| O|  |TAMS 0x00000000846f83c8, 0x00000000846f83c8| Untracked 
|  71|0x0000000084700000, 0x00000000847a4c80, 0x0000000084800000| 64%| O|  |TAMS 0x00000000847a4c80, 0x00000000847a4c80| Untracked 
|  72|0x0000000084800000, 0x00000000848fffe8, 0x0000000084900000| 99%| O|  |TAMS 0x00000000848fffe8, 0x00000000848fffe8| Untracked 
|  73|0x0000000084900000, 0x00000000849fffe0, 0x0000000084a00000| 99%| O|  |TAMS 0x00000000849fffe0, 0x00000000849fffe0| Untracked 
|  74|0x0000000084a00000, 0x0000000084b00000, 0x0000000084b00000|100%| O|  |TAMS 0x0000000084b00000, 0x0000000084b00000| Untracked 
|  75|0x0000000084b00000, 0x0000000084bbc7d8, 0x0000000084c00000| 73%| O|  |TAMS 0x0000000084bbc7d8, 0x0000000084bbc7d8| Untracked 
|  76|0x0000000084c00000, 0x0000000084d00000, 0x0000000084d00000|100%| O|  |TAMS 0x0000000084c00000, 0x0000000084d00000| Untracked 
|  77|0x0000000084d00000, 0x0000000084dfffd8, 0x0000000084e00000| 99%| O|  |TAMS 0x0000000084dfffd8, 0x0000000084dfffd8| Untracked 
|  78|0x0000000084e00000, 0x0000000084f00000, 0x0000000084f00000|100%| O|  |TAMS 0x0000000084e00000, 0x0000000084f00000| Untracked 
|  79|0x0000000084f00000, 0x0000000085000000, 0x0000000085000000|100%| O|  |TAMS 0x0000000085000000, 0x0000000085000000| Untracked 
|  80|0x0000000085000000, 0x0000000085100000, 0x0000000085100000|100%| O|  |TAMS 0x000000008506de00, 0x0000000085100000| Untracked 
|  81|0x0000000085100000, 0x0000000085200000, 0x0000000085200000|100%| O|  |TAMS 0x0000000085100000, 0x0000000085200000| Untracked 
|  82|0x0000000085200000, 0x0000000085300000, 0x0000000085300000|100%| O|  |TAMS 0x0000000085200000, 0x0000000085300000| Untracked 
|  83|0x0000000085300000, 0x0000000085400000, 0x0000000085400000|100%| O|  |TAMS 0x0000000085300000, 0x0000000085400000| Untracked 
|  84|0x0000000085400000, 0x0000000085500000, 0x0000000085500000|100%| O|  |TAMS 0x0000000085400000, 0x0000000085500000| Untracked 
|  85|0x0000000085500000, 0x0000000085600000, 0x0000000085600000|100%| O|  |TAMS 0x0000000085500000, 0x0000000085600000| Untracked 
|  86|0x0000000085600000, 0x0000000085700000, 0x0000000085700000|100%| O|  |TAMS 0x0000000085600000, 0x0000000085700000| Untracked 
|  87|0x0000000085700000, 0x0000000085800000, 0x0000000085800000|100%| O|  |TAMS 0x0000000085800000, 0x0000000085800000| Untracked 
|  88|0x0000000085800000, 0x0000000085900000, 0x0000000085900000|100%| O|  |TAMS 0x0000000085900000, 0x0000000085900000| Untracked 
|  89|0x0000000085900000, 0x0000000085900000, 0x0000000085a00000|  0%| F|  |TAMS 0x0000000085900000, 0x0000000085900000| Untracked 
|  90|0x0000000085a00000, 0x0000000085b00000, 0x0000000085b00000|100%| O|  |TAMS 0x0000000085b00000, 0x0000000085b00000| Untracked 
|  91|0x0000000085b00000, 0x0000000085c00000, 0x0000000085c00000|100%|HS|  |TAMS 0x0000000085c00000, 0x0000000085c00000| Complete 
|  92|0x0000000085c00000, 0x0000000085d00000, 0x0000000085d00000|100%| O|  |TAMS 0x0000000085d00000, 0x0000000085d00000| Untracked 
|  93|0x0000000085d00000, 0x0000000085d00000, 0x0000000085e00000|  0%| F|  |TAMS 0x0000000085d00000, 0x0000000085d00000| Untracked 
|  94|0x0000000085e00000, 0x0000000085f00000, 0x0000000085f00000|100%| O|  |TAMS 0x0000000085f00000, 0x0000000085f00000| Untracked 
|  95|0x0000000085f00000, 0x0000000085f00000, 0x0000000086000000|  0%| F|  |TAMS 0x0000000085f00000, 0x0000000085f00000| Untracked 
|  96|0x0000000086000000, 0x00000000860c6000, 0x0000000086100000| 77%| O|  |TAMS 0x0000000086000000, 0x00000000860c6000| Untracked 
|  97|0x0000000086100000, 0x0000000086200000, 0x0000000086200000|100%| O|  |TAMS 0x0000000086200000, 0x0000000086200000| Untracked 
|  98|0x0000000086200000, 0x0000000086300000, 0x0000000086300000|100%| O|  |TAMS 0x0000000086300000, 0x0000000086300000| Untracked 
|  99|0x0000000086300000, 0x0000000086400000, 0x0000000086400000|100%| O|  |TAMS 0x0000000086400000, 0x0000000086400000| Untracked 
| 100|0x0000000086400000, 0x0000000086400000, 0x0000000086500000|  0%| F|  |TAMS 0x0000000086400000, 0x0000000086400000| Untracked 
| 101|0x0000000086500000, 0x0000000086500000, 0x0000000086600000|  0%| F|  |TAMS 0x0000000086500000, 0x0000000086500000| Untracked 
| 102|0x0000000086600000, 0x0000000086600000, 0x0000000086700000|  0%| F|  |TAMS 0x0000000086600000, 0x0000000086600000| Untracked 
| 103|0x0000000086700000, 0x0000000086700000, 0x0000000086800000|  0%| F|  |TAMS 0x0000000086700000, 0x0000000086700000| Untracked 
| 104|0x0000000086800000, 0x0000000086800000, 0x0000000086900000|  0%| F|  |TAMS 0x0000000086800000, 0x0000000086800000| Untracked 
| 105|0x0000000086900000, 0x0000000086900000, 0x0000000086a00000|  0%| F|  |TAMS 0x0000000086900000, 0x0000000086900000| Untracked 
| 106|0x0000000086a00000, 0x0000000086b00000, 0x0000000086b00000|100%| O|  |TAMS 0x0000000086b00000, 0x0000000086b00000| Untracked 
| 107|0x0000000086b00000, 0x0000000086c00000, 0x0000000086c00000|100%| O|  |TAMS 0x0000000086c00000, 0x0000000086c00000| Untracked 
| 108|0x0000000086c00000, 0x0000000086d00000, 0x0000000086d00000|100%| O|  |TAMS 0x0000000086d00000, 0x0000000086d00000| Untracked 
| 109|0x0000000086d00000, 0x0000000086e00000, 0x0000000086e00000|100%| O|  |TAMS 0x0000000086e00000, 0x0000000086e00000| Untracked 
| 110|0x0000000086e00000, 0x0000000086e00000, 0x0000000086f00000|  0%| F|  |TAMS 0x0000000086e00000, 0x0000000086e00000| Untracked 
| 111|0x0000000086f00000, 0x0000000086f00000, 0x0000000087000000|  0%| F|  |TAMS 0x0000000086f00000, 0x0000000086f00000| Untracked 
| 112|0x0000000087000000, 0x0000000087000000, 0x0000000087100000|  0%| F|  |TAMS 0x0000000087000000, 0x0000000087000000| Untracked 
| 113|0x0000000087100000, 0x0000000087100000, 0x0000000087200000|  0%| F|  |TAMS 0x0000000087100000, 0x0000000087100000| Untracked 
| 114|0x0000000087200000, 0x0000000087200000, 0x0000000087300000|  0%| F|  |TAMS 0x0000000087200000, 0x0000000087200000| Untracked 
| 115|0x0000000087300000, 0x0000000087400000, 0x0000000087400000|100%| O|  |TAMS 0x0000000087400000, 0x0000000087400000| Untracked 
| 116|0x0000000087400000, 0x0000000087400000, 0x0000000087500000|  0%| F|  |TAMS 0x0000000087400000, 0x0000000087400000| Untracked 
| 117|0x0000000087500000, 0x0000000087500000, 0x0000000087600000|  0%| F|  |TAMS 0x0000000087500000, 0x0000000087500000| Untracked 
| 118|0x0000000087600000, 0x0000000087600000, 0x0000000087700000|  0%| F|  |TAMS 0x0000000087600000, 0x0000000087600000| Untracked 
| 119|0x0000000087700000, 0x0000000087700000, 0x0000000087800000|  0%| F|  |TAMS 0x0000000087700000, 0x0000000087700000| Untracked 
| 120|0x0000000087800000, 0x0000000087800000, 0x0000000087900000|  0%| F|  |TAMS 0x0000000087800000, 0x0000000087800000| Untracked 
| 121|0x0000000087900000, 0x0000000087900000, 0x0000000087a00000|  0%| F|  |TAMS 0x0000000087900000, 0x0000000087900000| Untracked 
| 122|0x0000000087a00000, 0x0000000087a00000, 0x0000000087b00000|  0%| F|  |TAMS 0x0000000087a00000, 0x0000000087a00000| Untracked 
| 123|0x0000000087b00000, 0x0000000087b00000, 0x0000000087c00000|  0%| F|  |TAMS 0x0000000087b00000, 0x0000000087b00000| Untracked 
| 124|0x0000000087c00000, 0x0000000087c00000, 0x0000000087d00000|  0%| F|  |TAMS 0x0000000087c00000, 0x0000000087c00000| Untracked 
| 125|0x0000000087d00000, 0x0000000087e00000, 0x0000000087e00000|100%| O|  |TAMS 0x0000000087e00000, 0x0000000087e00000| Untracked 
| 126|0x0000000087e00000, 0x0000000087e00000, 0x0000000087f00000|  0%| F|  |TAMS 0x0000000087e00000, 0x0000000087e00000| Untracked 
| 127|0x0000000087f00000, 0x0000000087f00000, 0x0000000088000000|  0%| F|  |TAMS 0x0000000087f00000, 0x0000000087f00000| Untracked 
| 128|0x0000000088000000, 0x0000000088000000, 0x0000000088100000|  0%| F|  |TAMS 0x0000000088000000, 0x0000000088000000| Untracked 
| 129|0x0000000088100000, 0x0000000088200000, 0x0000000088200000|100%| O|  |TAMS 0x0000000088200000, 0x0000000088200000| Untracked 
| 130|0x0000000088200000, 0x0000000088300000, 0x0000000088300000|100%| O|  |TAMS 0x0000000088300000, 0x0000000088300000| Untracked 
| 131|0x0000000088300000, 0x0000000088300000, 0x0000000088400000|  0%| F|  |TAMS 0x0000000088300000, 0x0000000088300000| Untracked 
| 132|0x0000000088400000, 0x0000000088400000, 0x0000000088500000|  0%| F|  |TAMS 0x0000000088400000, 0x0000000088400000| Untracked 
| 133|0x0000000088500000, 0x0000000088500000, 0x0000000088600000|  0%| F|  |TAMS 0x0000000088500000, 0x0000000088500000| Untracked 
| 134|0x0000000088600000, 0x0000000088600000, 0x0000000088700000|  0%| F|  |TAMS 0x0000000088600000, 0x0000000088600000| Untracked 
| 135|0x0000000088700000, 0x0000000088700000, 0x0000000088800000|  0%| F|  |TAMS 0x0000000088700000, 0x0000000088700000| Untracked 
| 136|0x0000000088800000, 0x0000000088800000, 0x0000000088900000|  0%| F|  |TAMS 0x0000000088800000, 0x0000000088800000| Untracked 
| 137|0x0000000088900000, 0x0000000088900000, 0x0000000088a00000|  0%| F|  |TAMS 0x0000000088900000, 0x0000000088900000| Untracked 
| 138|0x0000000088a00000, 0x0000000088a00000, 0x0000000088b00000|  0%| F|  |TAMS 0x0000000088a00000, 0x0000000088a00000| Untracked 
| 139|0x0000000088b00000, 0x0000000088b00000, 0x0000000088c00000|  0%| F|  |TAMS 0x0000000088b00000, 0x0000000088b00000| Untracked 
| 140|0x0000000088c00000, 0x0000000088c00000, 0x0000000088d00000|  0%| F|  |TAMS 0x0000000088c00000, 0x0000000088c00000| Untracked 
| 141|0x0000000088d00000, 0x0000000088d00000, 0x0000000088e00000|  0%| F|  |TAMS 0x0000000088d00000, 0x0000000088d00000| Untracked 
| 142|0x0000000088e00000, 0x0000000088e00000, 0x0000000088f00000|  0%| F|  |TAMS 0x0000000088e00000, 0x0000000088e00000| Untracked 
| 143|0x0000000088f00000, 0x0000000088f00000, 0x0000000089000000|  0%| F|  |TAMS 0x0000000088f00000, 0x0000000088f00000| Untracked 
| 144|0x0000000089000000, 0x0000000089000000, 0x0000000089100000|  0%| F|  |TAMS 0x0000000089000000, 0x0000000089000000| Untracked 
| 145|0x0000000089100000, 0x0000000089100000, 0x0000000089200000|  0%| F|  |TAMS 0x0000000089100000, 0x0000000089100000| Untracked 
| 146|0x0000000089200000, 0x0000000089200000, 0x0000000089300000|  0%| F|  |TAMS 0x0000000089200000, 0x0000000089200000| Untracked 
| 147|0x0000000089300000, 0x0000000089300000, 0x0000000089400000|  0%| F|  |TAMS 0x0000000089300000, 0x0000000089300000| Untracked 
| 148|0x0000000089400000, 0x0000000089400000, 0x0000000089500000|  0%| F|  |TAMS 0x0000000089400000, 0x0000000089400000| Untracked 
| 149|0x0000000089500000, 0x0000000089500000, 0x0000000089600000|  0%| F|  |TAMS 0x0000000089500000, 0x0000000089500000| Untracked 
| 150|0x0000000089600000, 0x0000000089700000, 0x0000000089700000|100%| O|  |TAMS 0x0000000089700000, 0x0000000089700000| Untracked 
| 151|0x0000000089700000, 0x0000000089800000, 0x0000000089800000|100%| O|  |TAMS 0x0000000089800000, 0x0000000089800000| Untracked 
| 152|0x0000000089800000, 0x0000000089800000, 0x0000000089900000|  0%| F|  |TAMS 0x0000000089800000, 0x0000000089800000| Untracked 
| 153|0x0000000089900000, 0x0000000089a00000, 0x0000000089a00000|100%| O|  |TAMS 0x0000000089a00000, 0x0000000089a00000| Untracked 
| 154|0x0000000089a00000, 0x0000000089b00000, 0x0000000089b00000|100%| O|  |TAMS 0x0000000089b00000, 0x0000000089b00000| Untracked 
| 155|0x0000000089b00000, 0x0000000089c00000, 0x0000000089c00000|100%|HS|  |TAMS 0x0000000089c00000, 0x0000000089c00000| Complete 
| 156|0x0000000089c00000, 0x0000000089d00000, 0x0000000089d00000|100%|HC|  |TAMS 0x0000000089d00000, 0x0000000089d00000| Complete 
| 157|0x0000000089d00000, 0x0000000089e00000, 0x0000000089e00000|100%|HC|  |TAMS 0x0000000089e00000, 0x0000000089e00000| Complete 
| 158|0x0000000089e00000, 0x0000000089e00000, 0x0000000089f00000|  0%| F|  |TAMS 0x0000000089e00000, 0x0000000089e00000| Untracked 
| 159|0x0000000089f00000, 0x0000000089f00000, 0x000000008a000000|  0%| F|  |TAMS 0x0000000089f00000, 0x0000000089f00000| Untracked 
| 160|0x000000008a000000, 0x000000008a000000, 0x000000008a100000|  0%| F|  |TAMS 0x000000008a000000, 0x000000008a000000| Untracked 
| 161|0x000000008a100000, 0x000000008a100000, 0x000000008a200000|  0%| F|  |TAMS 0x000000008a100000, 0x000000008a100000| Untracked 
| 162|0x000000008a200000, 0x000000008a200000, 0x000000008a300000|  0%| F|  |TAMS 0x000000008a200000, 0x000000008a200000| Untracked 
| 163|0x000000008a300000, 0x000000008a300000, 0x000000008a400000|  0%| F|  |TAMS 0x000000008a300000, 0x000000008a300000| Untracked 
| 164|0x000000008a400000, 0x000000008a400000, 0x000000008a500000|  0%| F|  |TAMS 0x000000008a400000, 0x000000008a400000| Untracked 
| 165|0x000000008a500000, 0x000000008a500000, 0x000000008a600000|  0%| F|  |TAMS 0x000000008a500000, 0x000000008a500000| Untracked 
| 166|0x000000008a600000, 0x000000008a700000, 0x000000008a700000|100%|HS|  |TAMS 0x000000008a700000, 0x000000008a700000| Complete 
| 167|0x000000008a700000, 0x000000008a800000, 0x000000008a800000|100%|HC|  |TAMS 0x000000008a800000, 0x000000008a800000| Complete 
| 168|0x000000008a800000, 0x000000008a800000, 0x000000008a900000|  0%| F|  |TAMS 0x000000008a800000, 0x000000008a800000| Untracked 
| 169|0x000000008a900000, 0x000000008a900000, 0x000000008aa00000|  0%| F|  |TAMS 0x000000008a900000, 0x000000008a900000| Untracked 
| 170|0x000000008aa00000, 0x000000008aa00000, 0x000000008ab00000|  0%| F|  |TAMS 0x000000008aa00000, 0x000000008aa00000| Untracked 
| 171|0x000000008ab00000, 0x000000008ac00000, 0x000000008ac00000|100%|HS|  |TAMS 0x000000008ac00000, 0x000000008ac00000| Complete 
| 172|0x000000008ac00000, 0x000000008ad00000, 0x000000008ad00000|100%|HC|  |TAMS 0x000000008ad00000, 0x000000008ad00000| Complete 
| 173|0x000000008ad00000, 0x000000008ad00000, 0x000000008ae00000|  0%| F|  |TAMS 0x000000008ad00000, 0x000000008ad00000| Untracked 
| 174|0x000000008ae00000, 0x000000008ae00000, 0x000000008af00000|  0%| F|  |TAMS 0x000000008ae00000, 0x000000008ae00000| Untracked 
| 175|0x000000008af00000, 0x000000008b000000, 0x000000008b000000|100%| O|  |TAMS 0x000000008b000000, 0x000000008b000000| Untracked 
| 176|0x000000008b000000, 0x000000008b100000, 0x000000008b100000|100%| O|  |TAMS 0x000000008b100000, 0x000000008b100000| Untracked 
| 177|0x000000008b100000, 0x000000008b200000, 0x000000008b200000|100%| O|  |TAMS 0x000000008b200000, 0x000000008b200000| Untracked 
| 178|0x000000008b200000, 0x000000008b200000, 0x000000008b300000|  0%| F|  |TAMS 0x000000008b200000, 0x000000008b200000| Untracked 
| 179|0x000000008b300000, 0x000000008b400000, 0x000000008b400000|100%| O|  |TAMS 0x000000008b400000, 0x000000008b400000| Untracked 
| 180|0x000000008b400000, 0x000000008b500000, 0x000000008b500000|100%|HS|  |TAMS 0x000000008b500000, 0x000000008b500000| Complete 
| 181|0x000000008b500000, 0x000000008b600000, 0x000000008b600000|100%|HC|  |TAMS 0x000000008b600000, 0x000000008b600000| Complete 
| 182|0x000000008b600000, 0x000000008b700000, 0x000000008b700000|100%|HC|  |TAMS 0x000000008b700000, 0x000000008b700000| Complete 
| 183|0x000000008b700000, 0x000000008b800000, 0x000000008b800000|100%| O|  |TAMS 0x000000008b800000, 0x000000008b800000| Untracked 
| 184|0x000000008b800000, 0x000000008b900000, 0x000000008b900000|100%| O|  |TAMS 0x000000008b900000, 0x000000008b900000| Untracked 
| 185|0x000000008b900000, 0x000000008ba00000, 0x000000008ba00000|100%| O|  |TAMS 0x000000008ba00000, 0x000000008ba00000| Untracked 
| 186|0x000000008ba00000, 0x000000008bb00000, 0x000000008bb00000|100%| O|  |TAMS 0x000000008bb00000, 0x000000008bb00000| Untracked 
| 187|0x000000008bb00000, 0x000000008bb00000, 0x000000008bc00000|  0%| F|  |TAMS 0x000000008bb00000, 0x000000008bb00000| Untracked 
| 188|0x000000008bc00000, 0x000000008bc00000, 0x000000008bd00000|  0%| F|  |TAMS 0x000000008bc00000, 0x000000008bc00000| Untracked 
| 189|0x000000008bd00000, 0x000000008bd00000, 0x000000008be00000|  0%| F|  |TAMS 0x000000008bd00000, 0x000000008bd00000| Untracked 
| 190|0x000000008be00000, 0x000000008be00000, 0x000000008bf00000|  0%| F|  |TAMS 0x000000008be00000, 0x000000008be00000| Untracked 
| 191|0x000000008bf00000, 0x000000008bf00000, 0x000000008c000000|  0%| F|  |TAMS 0x000000008bf00000, 0x000000008bf00000| Untracked 
| 192|0x000000008c000000, 0x000000008c000000, 0x000000008c100000|  0%| F|  |TAMS 0x000000008c000000, 0x000000008c000000| Untracked 
| 193|0x000000008c100000, 0x000000008c100000, 0x000000008c200000|  0%| F|  |TAMS 0x000000008c100000, 0x000000008c100000| Untracked 
| 194|0x000000008c200000, 0x000000008c200000, 0x000000008c300000|  0%| F|  |TAMS 0x000000008c200000, 0x000000008c200000| Untracked 
| 195|0x000000008c300000, 0x000000008c300000, 0x000000008c400000|  0%| F|  |TAMS 0x000000008c300000, 0x000000008c300000| Untracked 
| 196|0x000000008c400000, 0x000000008c400000, 0x000000008c500000|  0%| F|  |TAMS 0x000000008c400000, 0x000000008c400000| Untracked 
| 197|0x000000008c500000, 0x000000008c500000, 0x000000008c600000|  0%| F|  |TAMS 0x000000008c500000, 0x000000008c500000| Untracked 
| 198|0x000000008c600000, 0x000000008c600000, 0x000000008c700000|  0%| F|  |TAMS 0x000000008c600000, 0x000000008c600000| Untracked 
| 199|0x000000008c700000, 0x000000008c700000, 0x000000008c800000|  0%| F|  |TAMS 0x000000008c700000, 0x000000008c700000| Untracked 
| 200|0x000000008c800000, 0x000000008c800000, 0x000000008c900000|  0%| F|  |TAMS 0x000000008c800000, 0x000000008c800000| Untracked 
| 201|0x000000008c900000, 0x000000008c900000, 0x000000008ca00000|  0%| F|  |TAMS 0x000000008c900000, 0x000000008c900000| Untracked 
| 202|0x000000008ca00000, 0x000000008ca00000, 0x000000008cb00000|  0%| F|  |TAMS 0x000000008ca00000, 0x000000008ca00000| Untracked 
| 203|0x000000008cb00000, 0x000000008cb00000, 0x000000008cc00000|  0%| F|  |TAMS 0x000000008cb00000, 0x000000008cb00000| Untracked 
| 204|0x000000008cc00000, 0x000000008cc00000, 0x000000008cd00000|  0%| F|  |TAMS 0x000000008cc00000, 0x000000008cc00000| Untracked 
| 205|0x000000008cd00000, 0x000000008cd00000, 0x000000008ce00000|  0%| F|  |TAMS 0x000000008cd00000, 0x000000008cd00000| Untracked 
| 206|0x000000008ce00000, 0x000000008ce00000, 0x000000008cf00000|  0%| F|  |TAMS 0x000000008ce00000, 0x000000008ce00000| Untracked 
| 207|0x000000008cf00000, 0x000000008cf00000, 0x000000008d000000|  0%| F|  |TAMS 0x000000008cf00000, 0x000000008cf00000| Untracked 
| 208|0x000000008d000000, 0x000000008d000000, 0x000000008d100000|  0%| F|  |TAMS 0x000000008d000000, 0x000000008d000000| Untracked 
| 209|0x000000008d100000, 0x000000008d100000, 0x000000008d200000|  0%| F|  |TAMS 0x000000008d100000, 0x000000008d100000| Untracked 
| 210|0x000000008d200000, 0x000000008d200000, 0x000000008d300000|  0%| F|  |TAMS 0x000000008d200000, 0x000000008d200000| Untracked 
| 211|0x000000008d300000, 0x000000008d300000, 0x000000008d400000|  0%| F|  |TAMS 0x000000008d300000, 0x000000008d300000| Untracked 
| 212|0x000000008d400000, 0x000000008d400000, 0x000000008d500000|  0%| F|  |TAMS 0x000000008d400000, 0x000000008d400000| Untracked 
| 213|0x000000008d500000, 0x000000008d500000, 0x000000008d600000|  0%| F|  |TAMS 0x000000008d500000, 0x000000008d500000| Untracked 
| 214|0x000000008d600000, 0x000000008d600000, 0x000000008d700000|  0%| F|  |TAMS 0x000000008d600000, 0x000000008d600000| Untracked 
| 215|0x000000008d700000, 0x000000008d700000, 0x000000008d800000|  0%| F|  |TAMS 0x000000008d700000, 0x000000008d700000| Untracked 
| 216|0x000000008d800000, 0x000000008d800000, 0x000000008d900000|  0%| F|  |TAMS 0x000000008d800000, 0x000000008d800000| Untracked 
| 217|0x000000008d900000, 0x000000008d900000, 0x000000008da00000|  0%| F|  |TAMS 0x000000008d900000, 0x000000008d900000| Untracked 
| 218|0x000000008da00000, 0x000000008da00000, 0x000000008db00000|  0%| F|  |TAMS 0x000000008da00000, 0x000000008da00000| Untracked 
| 219|0x000000008db00000, 0x000000008db00000, 0x000000008dc00000|  0%| F|  |TAMS 0x000000008db00000, 0x000000008db00000| Untracked 
| 220|0x000000008dc00000, 0x000000008dc00000, 0x000000008dd00000|  0%| F|  |TAMS 0x000000008dc00000, 0x000000008dc00000| Untracked 
| 221|0x000000008dd00000, 0x000000008dd00000, 0x000000008de00000|  0%| F|  |TAMS 0x000000008dd00000, 0x000000008dd00000| Untracked 
| 222|0x000000008de00000, 0x000000008de00000, 0x000000008df00000|  0%| F|  |TAMS 0x000000008de00000, 0x000000008de00000| Untracked 
| 223|0x000000008df00000, 0x000000008df00000, 0x000000008e000000|  0%| F|  |TAMS 0x000000008df00000, 0x000000008df00000| Untracked 
| 224|0x000000008e000000, 0x000000008e000000, 0x000000008e100000|  0%| F|  |TAMS 0x000000008e000000, 0x000000008e000000| Untracked 
| 225|0x000000008e100000, 0x000000008e100000, 0x000000008e200000|  0%| F|  |TAMS 0x000000008e100000, 0x000000008e100000| Untracked 
| 226|0x000000008e200000, 0x000000008e200000, 0x000000008e300000|  0%| F|  |TAMS 0x000000008e200000, 0x000000008e200000| Untracked 
| 227|0x000000008e300000, 0x000000008e300000, 0x000000008e400000|  0%| F|  |TAMS 0x000000008e300000, 0x000000008e300000| Untracked 
| 228|0x000000008e400000, 0x000000008e400000, 0x000000008e500000|  0%| F|  |TAMS 0x000000008e400000, 0x000000008e400000| Untracked 
| 229|0x000000008e500000, 0x000000008e500000, 0x000000008e600000|  0%| F|  |TAMS 0x000000008e500000, 0x000000008e500000| Untracked 
| 230|0x000000008e600000, 0x000000008e600000, 0x000000008e700000|  0%| F|  |TAMS 0x000000008e600000, 0x000000008e600000| Untracked 
| 231|0x000000008e700000, 0x000000008e700000, 0x000000008e800000|  0%| F|  |TAMS 0x000000008e700000, 0x000000008e700000| Untracked 
| 232|0x000000008e800000, 0x000000008e800000, 0x000000008e900000|  0%| F|  |TAMS 0x000000008e800000, 0x000000008e800000| Untracked 
| 233|0x000000008e900000, 0x000000008e900000, 0x000000008ea00000|  0%| F|  |TAMS 0x000000008e900000, 0x000000008e900000| Untracked 
| 234|0x000000008ea00000, 0x000000008ea00000, 0x000000008eb00000|  0%| F|  |TAMS 0x000000008ea00000, 0x000000008ea00000| Untracked 
| 235|0x000000008eb00000, 0x000000008eb00000, 0x000000008ec00000|  0%| F|  |TAMS 0x000000008eb00000, 0x000000008eb00000| Untracked 
| 236|0x000000008ec00000, 0x000000008ec6a2d0, 0x000000008ed00000| 41%| S|CS|TAMS 0x000000008ec00000, 0x000000008ec00000| Complete 
| 237|0x000000008ed00000, 0x000000008ee00000, 0x000000008ee00000|100%| S|CS|TAMS 0x000000008ed00000, 0x000000008ed00000| Complete 
| 238|0x000000008ee00000, 0x000000008ef00000, 0x000000008ef00000|100%| S|CS|TAMS 0x000000008ee00000, 0x000000008ee00000| Complete 
| 239|0x000000008ef00000, 0x000000008f000000, 0x000000008f000000|100%| S|CS|TAMS 0x000000008ef00000, 0x000000008ef00000| Complete 
| 240|0x000000008f000000, 0x000000008f000000, 0x000000008f100000|  0%| F|  |TAMS 0x000000008f000000, 0x000000008f000000| Untracked 
| 241|0x000000008f100000, 0x000000008f100000, 0x000000008f200000|  0%| F|  |TAMS 0x000000008f100000, 0x000000008f100000| Untracked 
| 242|0x000000008f200000, 0x000000008f200000, 0x000000008f300000|  0%| F|  |TAMS 0x000000008f200000, 0x000000008f200000| Untracked 
| 243|0x000000008f300000, 0x000000008f300000, 0x000000008f400000|  0%| F|  |TAMS 0x000000008f300000, 0x000000008f300000| Untracked 
| 244|0x000000008f400000, 0x000000008f400000, 0x000000008f500000|  0%| F|  |TAMS 0x000000008f400000, 0x000000008f400000| Untracked 
| 245|0x000000008f500000, 0x000000008f500000, 0x000000008f600000|  0%| F|  |TAMS 0x000000008f500000, 0x000000008f500000| Untracked 
| 246|0x000000008f600000, 0x000000008f600000, 0x000000008f700000|  0%| F|  |TAMS 0x000000008f600000, 0x000000008f600000| Untracked 
| 247|0x000000008f700000, 0x000000008f700000, 0x000000008f800000|  0%| F|  |TAMS 0x000000008f700000, 0x000000008f700000| Untracked 
| 248|0x000000008f800000, 0x000000008f800000, 0x000000008f900000|  0%| F|  |TAMS 0x000000008f800000, 0x000000008f800000| Untracked 
| 249|0x000000008f900000, 0x000000008f900000, 0x000000008fa00000|  0%| F|  |TAMS 0x000000008f900000, 0x000000008f900000| Untracked 
| 250|0x000000008fa00000, 0x000000008fa00000, 0x000000008fb00000|  0%| F|  |TAMS 0x000000008fa00000, 0x000000008fa00000| Untracked 
| 251|0x000000008fb00000, 0x000000008fb00000, 0x000000008fc00000|  0%| F|  |TAMS 0x000000008fb00000, 0x000000008fb00000| Untracked 
| 252|0x000000008fc00000, 0x000000008fc00000, 0x000000008fd00000|  0%| F|  |TAMS 0x000000008fc00000, 0x000000008fc00000| Untracked 
| 253|0x000000008fd00000, 0x000000008fd00000, 0x000000008fe00000|  0%| F|  |TAMS 0x000000008fd00000, 0x000000008fd00000| Untracked 
| 254|0x000000008fe00000, 0x000000008fe00000, 0x000000008ff00000|  0%| F|  |TAMS 0x000000008fe00000, 0x000000008fe00000| Untracked 
| 255|0x000000008ff00000, 0x000000008ff00000, 0x0000000090000000|  0%| F|  |TAMS 0x000000008ff00000, 0x000000008ff00000| Untracked 
| 256|0x0000000090000000, 0x0000000090000000, 0x0000000090100000|  0%| F|  |TAMS 0x0000000090000000, 0x0000000090000000| Untracked 
| 257|0x0000000090100000, 0x0000000090100000, 0x0000000090200000|  0%| F|  |TAMS 0x0000000090100000, 0x0000000090100000| Untracked 
| 258|0x0000000090200000, 0x0000000090200000, 0x0000000090300000|  0%| F|  |TAMS 0x0000000090200000, 0x0000000090200000| Untracked 
| 259|0x0000000090300000, 0x0000000090300000, 0x0000000090400000|  0%| F|  |TAMS 0x0000000090300000, 0x0000000090300000| Untracked 
| 260|0x0000000090400000, 0x0000000090400000, 0x0000000090500000|  0%| F|  |TAMS 0x0000000090400000, 0x0000000090400000| Untracked 
| 261|0x0000000090500000, 0x0000000090500000, 0x0000000090600000|  0%| F|  |TAMS 0x0000000090500000, 0x0000000090500000| Untracked 
| 262|0x0000000090600000, 0x0000000090600000, 0x0000000090700000|  0%| F|  |TAMS 0x0000000090600000, 0x0000000090600000| Untracked 
| 263|0x0000000090700000, 0x0000000090700000, 0x0000000090800000|  0%| F|  |TAMS 0x0000000090700000, 0x0000000090700000| Untracked 
| 264|0x0000000090800000, 0x0000000090800000, 0x0000000090900000|  0%| F|  |TAMS 0x0000000090800000, 0x0000000090800000| Untracked 
| 265|0x0000000090900000, 0x0000000090900000, 0x0000000090a00000|  0%| F|  |TAMS 0x0000000090900000, 0x0000000090900000| Untracked 
| 266|0x0000000090a00000, 0x0000000090a00000, 0x0000000090b00000|  0%| F|  |TAMS 0x0000000090a00000, 0x0000000090a00000| Untracked 
| 267|0x0000000090b00000, 0x0000000090b00000, 0x0000000090c00000|  0%| F|  |TAMS 0x0000000090b00000, 0x0000000090b00000| Untracked 
| 268|0x0000000090c00000, 0x0000000090c00000, 0x0000000090d00000|  0%| F|  |TAMS 0x0000000090c00000, 0x0000000090c00000| Untracked 
| 269|0x0000000090d00000, 0x0000000090d00000, 0x0000000090e00000|  0%| F|  |TAMS 0x0000000090d00000, 0x0000000090d00000| Untracked 
| 270|0x0000000090e00000, 0x0000000090e00000, 0x0000000090f00000|  0%| F|  |TAMS 0x0000000090e00000, 0x0000000090e00000| Untracked 
| 271|0x0000000090f00000, 0x0000000090f00000, 0x0000000091000000|  0%| F|  |TAMS 0x0000000090f00000, 0x0000000090f00000| Untracked 
| 272|0x0000000091000000, 0x0000000091000000, 0x0000000091100000|  0%| F|  |TAMS 0x0000000091000000, 0x0000000091000000| Untracked 
| 273|0x0000000091100000, 0x0000000091100000, 0x0000000091200000|  0%| F|  |TAMS 0x0000000091100000, 0x0000000091100000| Untracked 
| 274|0x0000000091200000, 0x0000000091200000, 0x0000000091300000|  0%| F|  |TAMS 0x0000000091200000, 0x0000000091200000| Untracked 
| 275|0x0000000091300000, 0x0000000091300000, 0x0000000091400000|  0%| F|  |TAMS 0x0000000091300000, 0x0000000091300000| Untracked 
| 276|0x0000000091400000, 0x0000000091400800, 0x0000000091500000|  0%| E|  |TAMS 0x0000000091400000, 0x0000000091400000| Complete 
| 277|0x0000000091500000, 0x0000000091600000, 0x0000000091600000|100%| E|CS|TAMS 0x0000000091500000, 0x0000000091500000| Complete 

Card table byte_map: [0x0000017aee2d0000,0x0000017aee6d0000] _byte_map_base: 0x0000017aeded0000

Marking Bits (Prev, Next): (CMBitMap*) 0x0000017adb0f3ff8, (CMBitMap*) 0x0000017adb0f4030
 Prev Bits: [0x0000017aeead0000, 0x0000017af0ad0000)
 Next Bits: [0x0000017af0ad0000, 0x0000017af2ad0000)

Polling page: 0x0000017ad90d0000

Metaspace:

Usage:
  Non-class:    139.70 MB capacity,   137.05 MB ( 98%) used,     2.15 MB (  2%) free+waste,   512.75 KB ( <1%) overhead. 
      Class:     20.80 MB capacity,    19.32 MB ( 93%) used,     1.26 MB (  6%) free+waste,   222.13 KB (  1%) overhead. 
       Both:    160.50 MB capacity,   156.37 MB ( 97%) used,     3.41 MB (  2%) free+waste,   734.88 KB ( <1%) overhead. 

Virtual space:
  Non-class space:      160.00 MB reserved,     139.75 MB ( 87%) committed 
      Class space:        1.00 GB reserved,      20.82 MB (  2%) committed 
             Both:        1.16 GB reserved,     160.57 MB ( 14%) committed 

Chunk freelists:
   Non-Class:  53.00 KB
       Class:  14.00 KB
        Both:  67.00 KB

MaxMetaspaceSize: 17179869184.00 GB
CompressedClassSpaceSize: 1.00 GB

CodeHeap 'non-profiled nmethods': size=120000Kb used=19676Kb max_used=19676Kb free=100324Kb
 bounds [0x0000017ae6670000, 0x0000017ae79b0000, 0x0000017aedba0000]
CodeHeap 'profiled nmethods': size=120000Kb used=49463Kb max_used=49535Kb free=70536Kb
 bounds [0x0000017adf140000, 0x0000017ae21e0000, 0x0000017ae6670000]
CodeHeap 'non-nmethods': size=5760Kb used=2422Kb max_used=2457Kb free=3337Kb
 bounds [0x0000017adeba0000, 0x0000017adee20000, 0x0000017adf140000]
 total_blobs=23113 nmethods=22039 adapters=982
 compilation: enabled
              stopped_count=0, restarted_count=0
 full_count=0

Compilation events (20 events):
Event: 18639.231 Thread 0x0000017af5dfa800 26205       3       com.intellij.lang.impl.MarkerPool::freeMarker (30 bytes)
Event: 18639.231 Thread 0x0000017af5dfa800 nmethod 26205 0x0000017ae16b5310 code [0x0000017ae16b54e0, 0x0000017ae16b5838]
Event: 18639.231 Thread 0x0000017af5dfa800 26209       3       com.intellij.lang.impl.PsiBuilderImpl$StartMarker::clean (39 bytes)
Event: 18639.231 Thread 0x0000017af5dfa800 nmethod 26209 0x0000017ae16b4d10 code [0x0000017ae16b4ee0, 0x0000017ae16b51a8]
Event: 18639.231 Thread 0x0000017af5dfa800 26210       3       com.intellij.lang.impl.PsiBuilderImpl$ProductionMarker::clean (16 bytes)
Event: 18639.231 Thread 0x0000017af5dfa800 nmethod 26210 0x0000017ae16b4990 code [0x0000017ae16b4b40, 0x0000017ae16b4c98]
Event: 18639.231 Thread 0x0000017af5dfa800 26211       3       com.intellij.lang.impl.MarkerOptionalData::clean (70 bytes)
Event: 18639.232 Thread 0x0000017af5dfa800 nmethod 26211 0x0000017ae16b3d90 code [0x0000017ae16b3fc0, 0x0000017ae16b4748]
Event: 18639.232 Thread 0x0000017af5dfa800 26206       3       com.intellij.lang.impl.PsiBuilderImpl$StartMarker::drop (12 bytes)
Event: 18639.232 Thread 0x0000017af5dfa800 nmethod 26206 0x0000017ae16b3990 code [0x0000017ae16b3b40, 0x0000017ae16b3ca8]
Event: 18639.232 Thread 0x0000017af5dfa800 26207       3       com.intellij.lang.impl.MarkerProduction::dropMarker (48 bytes)
Event: 18639.232 Thread 0x0000017af5dfa800 nmethod 26207 0x0000017ae16b2c10 code [0x0000017ae16b2e60, 0x0000017ae16b36b8]
Event: 18639.232 Thread 0x0000017af5dfa800 26208       3       it.unimi.dsi.fastutil.ints.IntArrayList::removeInt (126 bytes)
Event: 18639.233 Thread 0x0000017af5dfa800 nmethod 26208 0x0000017ae16b1910 code [0x0000017ae16b1be0, 0x0000017ae16b27b8]
Event: 18639.233 Thread 0x0000017af5dfa800 26212       3       com.intellij.util.containers.IntStack::push (50 bytes)
Event: 18639.233 Thread 0x0000017af5dfa800 nmethod 26212 0x0000017ae16b1390 code [0x0000017ae16b1560, 0x0000017ae16b17a8]
Event: 18639.233 Thread 0x0000017af5dfa800 26213       3       com.intellij.lang.impl.MarkerProduction::indexOf (69 bytes)
Event: 18639.233 Thread 0x0000017af5dfa800 nmethod 26213 0x0000017ae16b0410 code [0x0000017ae16b0680, 0x0000017ae16b1048]
Event: 18639.233 Thread 0x0000017af5dfa800 26214       3       org.jetbrains.kotlin.parsing.KotlinExpressionParsing::interruptedWithNewLine (31 bytes)
Event: 18639.233 Thread 0x0000017af5dfa800 nmethod 26214 0x0000017ae16afc90 code [0x0000017ae16afe80, 0x0000017ae16b02a8]

GC Heap History (20 events):
Event: 18636.085 GC heap before
{Heap before GC invocations=45 (full 1):
 garbage-first heap   total 284672K, used 221234K [0x0000000080000000, 0x0000000100000000)
  region size 1024K, 47 young (48128K), 5 survivors (5120K)
 Metaspace       used 126863K, capacity 130716K, committed 131532K, reserved 1163264K
  class space    used 15849K, capacity 17280K, committed 17612K, reserved 1048576K
}
Event: 18636.094 GC heap after
{Heap after GC invocations=46 (full 1):
 garbage-first heap   total 284672K, used 186429K [0x0000000080000000, 0x0000000100000000)
  region size 1024K, 6 young (6144K), 6 survivors (6144K)
 Metaspace       used 126863K, capacity 130716K, committed 131532K, reserved 1163264K
  class space    used 15849K, capacity 17280K, committed 17612K, reserved 1048576K
}
Event: 18636.292 GC heap before
{Heap before GC invocations=47 (full 1):
 garbage-first heap   total 284672K, used 238653K [0x0000000080000000, 0x0000000100000000)
  region size 1024K, 45 young (46080K), 6 survivors (6144K)
 Metaspace       used 127806K, capacity 131676K, committed 132556K, reserved 1165312K
  class space    used 15923K, capacity 17344K, committed 17612K, reserved 1048576K
}
Event: 18636.301 GC heap after
{Heap after GC invocations=48 (full 1):
 garbage-first heap   total 284672K, used 206221K [0x0000000080000000, 0x0000000100000000)
  region size 1024K, 6 young (6144K), 6 survivors (6144K)
 Metaspace       used 127806K, capacity 131676K, committed 132556K, reserved 1165312K
  class space    used 15923K, capacity 17344K, committed 17612K, reserved 1048576K
}
Event: 18636.333 GC heap before
{Heap before GC invocations=48 (full 1):
 garbage-first heap   total 284672K, used 213389K [0x0000000080000000, 0x0000000100000000)
  region size 1024K, 13 young (13312K), 6 survivors (6144K)
 Metaspace       used 128198K, capacity 132028K, committed 132812K, reserved 1165312K
  class space    used 15955K, capacity 17376K, committed 17612K, reserved 1048576K
}
Event: 18636.337 GC heap after
{Heap after GC invocations=49 (full 1):
 garbage-first heap   total 284672K, used 206701K [0x0000000080000000, 0x0000000100000000)
  region size 1024K, 1 young (1024K), 1 survivors (1024K)
 Metaspace       used 128198K, capacity 132028K, committed 132812K, reserved 1165312K
  class space    used 15955K, capacity 17376K, committed 17612K, reserved 1048576K
}
Event: 18636.549 GC heap before
{Heap before GC invocations=49 (full 1):
 garbage-first heap   total 284672K, used 229229K [0x0000000080000000, 0x0000000100000000)
  region size 1024K, 25 young (25600K), 1 survivors (1024K)
 Metaspace       used 130145K, capacity 133939K, committed 134860K, reserved 1167360K
  class space    used 16136K, capacity 17537K, committed 17868K, reserved 1048576K
}
Event: 18636.552 GC heap after
{Heap after GC invocations=50 (full 1):
 garbage-first heap   total 284672K, used 207378K [0x0000000080000000, 0x0000000100000000)
  region size 1024K, 2 young (2048K), 2 survivors (2048K)
 Metaspace       used 130145K, capacity 133939K, committed 134860K, reserved 1167360K
  class space    used 16136K, capacity 17537K, committed 17868K, reserved 1048576K
}
Event: 18637.225 GC heap before
{Heap before GC invocations=51 (full 1):
 garbage-first heap   total 284672K, used 259602K [0x0000000080000000, 0x0000000100000000)
  region size 1024K, 33 young (33792K), 2 survivors (2048K)
 Metaspace       used 137127K, capacity 141066K, committed 141644K, reserved 1173504K
  class space    used 16803K, capacity 18243K, committed 18508K, reserved 1048576K
}
Event: 18637.228 GC heap after
{Heap after GC invocations=52 (full 1):
 garbage-first heap   total 284672K, used 207023K [0x0000000080000000, 0x0000000100000000)
  region size 1024K, 2 young (2048K), 2 survivors (2048K)
 Metaspace       used 137127K, capacity 141066K, committed 141644K, reserved 1173504K
  class space    used 16803K, capacity 18243K, committed 18508K, reserved 1048576K
}
Event: 18637.440 GC heap before
{Heap before GC invocations=52 (full 1):
 garbage-first heap   total 284672K, used 220335K [0x0000000080000000, 0x0000000100000000)
  region size 1024K, 13 young (13312K), 2 survivors (2048K)
 Metaspace       used 139326K, capacity 143330K, committed 143820K, reserved 1175552K
  class space    used 17035K, capacity 18488K, committed 18636K, reserved 1048576K
}
Event: 18637.446 GC heap after
{Heap after GC invocations=53 (full 1):
 garbage-first heap   total 284672K, used 203088K [0x0000000080000000, 0x0000000100000000)
  region size 1024K, 1 young (1024K), 1 survivors (1024K)
 Metaspace       used 139326K, capacity 143330K, committed 143820K, reserved 1175552K
  class space    used 17035K, capacity 18488K, committed 18636K, reserved 1048576K
}
Event: 18637.994 GC heap before
{Heap before GC invocations=53 (full 1):
 garbage-first heap   total 284672K, used 244048K [0x0000000080000000, 0x0000000100000000)
  region size 1024K, 36 young (36864K), 1 survivors (1024K)
 Metaspace       used 144751K, capacity 148811K, committed 149324K, reserved 1179648K
  class space    used 17636K, capacity 19086K, committed 19276K, reserved 1048576K
}
Event: 18638.000 GC heap after
{Heap after GC invocations=54 (full 1):
 garbage-first heap   total 284672K, used 210331K [0x0000000080000000, 0x0000000100000000)
  region size 1024K, 5 young (5120K), 5 survivors (5120K)
 Metaspace       used 144751K, capacity 148811K, committed 149324K, reserved 1179648K
  class space    used 17636K, capacity 19086K, committed 19276K, reserved 1048576K
}
Event: 18638.510 GC heap before
{Heap before GC invocations=55 (full 1):
 garbage-first heap   total 284672K, used 182683K [0x0000000080000000, 0x0000000100000000)
  region size 1024K, 35 young (35840K), 5 survivors (5120K)
 Metaspace       used 151238K, capacity 155464K, committed 155724K, reserved 1185792K
  class space    used 18712K, capacity 20219K, committed 20300K, reserved 1048576K
}
Event: 18638.516 GC heap after
{Heap after GC invocations=56 (full 1):
 garbage-first heap   total 284672K, used 154880K [0x0000000080000000, 0x0000000100000000)
  region size 1024K, 3 young (3072K), 3 survivors (3072K)
 Metaspace       used 151238K, capacity 155464K, committed 155724K, reserved 1185792K
  class space    used 18712K, capacity 20219K, committed 20300K, reserved 1048576K
}
Event: 18638.661 GC heap before
{Heap before GC invocations=56 (full 1):
 garbage-first heap   total 284672K, used 164096K [0x0000000080000000, 0x0000000100000000)
  region size 1024K, 13 young (13312K), 3 survivors (3072K)
 Metaspace       used 152739K, capacity 157014K, committed 157260K, reserved 1185792K
  class space    used 18894K, capacity 20414K, committed 20556K, reserved 1048576K
}
Event: 18638.666 GC heap after
{Heap after GC invocations=57 (full 1):
 garbage-first heap   total 284672K, used 130082K [0x0000000080000000, 0x0000000100000000)
  region size 1024K, 2 young (2048K), 2 survivors (2048K)
 Metaspace       used 152739K, capacity 157014K, committed 157260K, reserved 1185792K
  class space    used 18894K, capacity 20414K, committed 20556K, reserved 1048576K
}
Event: 18639.208 GC heap before
{Heap before GC invocations=57 (full 1):
 garbage-first heap   total 284672K, used 165922K [0x0000000080000000, 0x0000000100000000)
  region size 1024K, 38 young (38912K), 2 survivors (2048K)
 Metaspace       used 159834K, capacity 164045K, committed 164172K, reserved 1202176K
  class space    used 19764K, capacity 21261K, committed 21324K, reserved 1048576K
}
Event: 18639.212 GC heap after
{Heap after GC invocations=58 (full 1):
 garbage-first heap   total 284672K, used 132260K [0x0000000080000000, 0x0000000100000000)
  region size 1024K, 4 young (4096K), 4 survivors (4096K)
 Metaspace       used 159834K, capacity 164045K, committed 164172K, reserved 1202176K
  class space    used 19764K, capacity 21261K, committed 21324K, reserved 1048576K
}

Deoptimization events (20 events):
Event: 18639.031 Thread 0x0000017af93fe000 Uncommon trap: trap_request=0xffffff4d fr.pc=0x0000017ae6739b44 relative=0x0000000000000184
Event: 18639.031 Thread 0x0000017af93fe000 Uncommon trap: reason=unstable_if action=reinterpret pc=0x0000017ae6739b44 method=java.lang.String.indexOf(II)I @ 4 c2
Event: 18639.031 Thread 0x0000017af93fe000 DEOPT PACKING pc=0x0000017ae6739b44 sp=0x0000002f5b7ee8a0
Event: 18639.031 Thread 0x0000017af93fe000 DEOPT UNPACKING pc=0x0000017adebc78af sp=0x0000002f5b7ee758 mode 2
Event: 18639.031 Thread 0x0000017af93fe000 Uncommon trap: trap_request=0xffffff4d fr.pc=0x0000017ae6c1e54c relative=0x000000000000018c
Event: 18639.031 Thread 0x0000017af93fe000 Uncommon trap: reason=unstable_if action=reinterpret pc=0x0000017ae6c1e54c method=java.lang.String.startsWith(Ljava/lang/String;I)Z @ 131 c2
Event: 18639.031 Thread 0x0000017af93fe000 DEOPT PACKING pc=0x0000017ae6c1e54c sp=0x0000002f5b7ee890
Event: 18639.031 Thread 0x0000017af93fe000 DEOPT UNPACKING pc=0x0000017adebc78af sp=0x0000002f5b7ee7f8 mode 2
Event: 18639.031 Thread 0x0000017af93fe000 Uncommon trap: trap_request=0xffffff4d fr.pc=0x0000017ae6a75a40 relative=0x0000000000000d40
Event: 18639.031 Thread 0x0000017af93fe000 Uncommon trap: reason=unstable_if action=reinterpret pc=0x0000017ae6a75a40 method=java.lang.String.lastIndexOf(II)I @ 4 c2
Event: 18639.031 Thread 0x0000017af93fe000 DEOPT PACKING pc=0x0000017ae6a75a40 sp=0x0000002f5b7ee830
Event: 18639.031 Thread 0x0000017af93fe000 DEOPT UNPACKING pc=0x0000017adebc78af sp=0x0000002f5b7ee720 mode 2
Event: 18639.031 Thread 0x0000017af93fe000 Uncommon trap: trap_request=0xffffff4d fr.pc=0x0000017ae6ad0dc4 relative=0x00000000000006e4
Event: 18639.031 Thread 0x0000017af93fe000 Uncommon trap: reason=unstable_if action=reinterpret pc=0x0000017ae6ad0dc4 method=java.lang.String.lastIndexOf(II)I @ 4 c2
Event: 18639.031 Thread 0x0000017af93fe000 DEOPT PACKING pc=0x0000017ae6ad0dc4 sp=0x0000002f5b7ee900
Event: 18639.031 Thread 0x0000017af93fe000 DEOPT UNPACKING pc=0x0000017adebc78af sp=0x0000002f5b7ee7f0 mode 2
Event: 18639.145 Thread 0x0000017af93fe000 Uncommon trap: trap_request=0xffffff4d fr.pc=0x0000017ae67eb984 relative=0x0000000000000444
Event: 18639.145 Thread 0x0000017af93fe000 Uncommon trap: reason=unstable_if action=reinterpret pc=0x0000017ae67eb984 method=java.lang.String.substring(II)Ljava/lang/String; @ 31 c2
Event: 18639.145 Thread 0x0000017af93fe000 DEOPT PACKING pc=0x0000017ae67eb984 sp=0x0000002f5b7fb770
Event: 18639.145 Thread 0x0000017af93fe000 DEOPT UNPACKING pc=0x0000017adebc78af sp=0x0000002f5b7fb6d0 mode 2

Classes redefined (0 events):
No events

Internal exceptions (20 events):
Event: 18636.660 Thread 0x0000017afbf30800 Implicit null exception at 0x0000017ae6743330 to 0x0000017ae6743450
Event: 18637.013 Thread 0x0000017af93fe000 Exception <a 'java/lang/NoSuchMethodError'{0x000000008ec68218}: 'int java.lang.invoke.DelegatingMethodHandle$Holder.reinvoke_L(java.lang.Object, java.lang.Object, java.lang.Object, long, int, int)'> (0x000000008ec68218) thrown at [./src/hotspot/share/interpreter/linkResolver.cpp, line 773]
Event: 18637.013 Thread 0x0000017af93fe000 Exception <a 'java/lang/NoSuchMethodError'{0x000000008ec751f0}: 'int java.lang.invoke.DelegatingMethodHandle$Holder.reinvoke_L(java.lang.Object, java.lang.Object, java.lang.Object, long, long, long)'> (0x000000008ec751f0) thrown at [./src/hotspot/share/interpreter/linkResolver.cpp, line 773]
Event: 18637.014 Thread 0x0000017af93fe000 Exception <a 'java/lang/NoSuchMethodError'{0x000000008ec82610}: 'int java.lang.invoke.DelegatingMethodHandle$Holder.reinvoke_L(java.lang.Object, java.lang.Object, java.lang.Object, long, java.lang.Object, java.lang.Object)'> (0x000000008ec82610) thrown at [./src/hotspot/share/interpreter/linkResolver.cpp, line 773]
Event: 18637.014 Thread 0x0000017af93fe000 Exception <a 'java/lang/NoSuchMethodError'{0x000000008ec900d0}: 'void java.lang.invoke.DelegatingMethodHandle$Holder.reinvoke_L(java.lang.Object, java.lang.Object, java.lang.Object, long, java.lang.Object)'> (0x000000008ec900d0) thrown at [./src/hotspot/share/interpreter/linkResolver.cpp, line 773]
Event: 18637.015 Thread 0x0000017af93fe000 Exception <a 'java/lang/NoSuchMethodError'{0x000000008ec969c8}: 'java.lang.Object java.lang.invoke.DirectMethodHandle$Holder.invokeSpecial(java.lang.Object, java.lang.Object, java.lang.Object, java.lang.Object, long)'> (0x000000008ec969c8) thrown at [./src/hotspot/share/interpreter/linkResolver.cpp, line 773]
Event: 18637.015 Thread 0x0000017af93fe000 Exception <a 'java/lang/NoSuchMethodError'{0x000000008ec9a1c8}: 'java.lang.Object java.lang.invoke.DelegatingMethodHandle$Holder.reinvoke_L(java.lang.Object, java.lang.Object, java.lang.Object, long)'> (0x000000008ec9a1c8) thrown at [./src/hotspot/share/interpreter/linkResolver.cpp, line 773]
Event: 18637.015 Thread 0x0000017af93fe000 Exception <a 'java/lang/NoSuchMethodError'{0x000000008eca0128}: 'long java.lang.invoke.DirectMethodHandle$Holder.invokeSpecial(java.lang.Object, java.lang.Object, java.lang.Object)'> (0x000000008eca0128) thrown at [./src/hotspot/share/interpreter/linkResolver.cpp, line 773]
Event: 18637.016 Thread 0x0000017af93fe000 Exception <a 'java/lang/NoSuchMethodError'{0x000000008ecbd2e8}: 'long java.lang.invoke.Invokers$Holder.invoke_MT(java.lang.Object, java.lang.Object, java.lang.Object, java.lang.Object)'> (0x000000008ecbd2e8) thrown at [./src/hotspot/share/interpreter/linkResolver.cpp, line 773]
Event: 18637.017 Thread 0x0000017af93fe000 Exception <a 'java/lang/NoSuchMethodError'{0x000000008ecc08d0}: 'long java.lang.invoke.DelegatingMethodHandle$Holder.reinvoke_L(java.lang.Object, java.lang.Object, java.lang.Object)'> (0x000000008ecc08d0) thrown at [./src/hotspot/share/interpreter/linkResolver.cpp, line 773]
Event: 18637.017 Thread 0x0000017af93fe000 Exception <a 'java/lang/NoSuchMethodError'{0x000000008ecd3250}: 'int java.lang.invoke.DelegatingMethodHandle$Holder.reinvoke_L(java.lang.Object, java.lang.Object, java.lang.Object, long, int)'> (0x000000008ecd3250) thrown at [./src/hotspot/share/interpreter/linkResolver.cpp, line 773]
Event: 18637.018 Thread 0x0000017af93fe000 Exception <a 'java/lang/NoSuchMethodError'{0x000000008ece0ea0}: 'java.lang.Object java.lang.invoke.Invokers$Holder.invokeExact_MT(java.lang.Object, java.lang.Object, long, java.lang.Object)'> (0x000000008ece0ea0) thrown at [./src/hotspot/share/interpreter/linkResolver.cpp, line 773]
Event: 18637.101 Thread 0x0000017af93fe000 Exception <a 'java/lang/NoSuchMethodError'{0x000000008e7225f0}: 'java.lang.Object java.lang.invoke.DirectMethodHandle$Holder.invokeStaticInit(java.lang.Object, int)'> (0x000000008e7225f0) thrown at [./src/hotspot/share/interpreter/linkResolver.cpp, line 773]
Event: 18637.150 Thread 0x0000017af93fe000 Exception <a 'java/lang/NoSuchMethodError'{0x000000008e20cfa0}: 'long java.lang.invoke.DirectMethodHandle$Holder.invokeStatic(java.lang.Object)'> (0x000000008e20cfa0) thrown at [./src/hotspot/share/interpreter/linkResolver.cpp, line 773]
Event: 18637.150 Thread 0x0000017af93fe000 Exception <a 'java/lang/NoSuchMethodError'{0x000000008e2100a0}: 'long java.lang.invoke.DirectMethodHandle$Holder.invokeStaticInit(java.lang.Object)'> (0x000000008e2100a0) thrown at [./src/hotspot/share/interpreter/linkResolver.cpp, line 773]
Event: 18637.338 Thread 0x0000017af93fe000 Implicit null exception at 0x0000017ae67e2c2c to 0x0000017ae67e2dda
Event: 18637.621 Thread 0x0000017af93fe000 Implicit null exception at 0x0000017ae6cae3b3 to 0x0000017ae6cae4b0
Event: 18637.863 Thread 0x0000017af93fe000 Exception <a 'sun/nio/fs/WindowsException'{0x000000008df249f8}> (0x000000008df249f8) thrown at [./src/hotspot/share/prims/jni.cpp, line 615]
Event: 18637.920 Thread 0x0000017af93fe000 Implicit null exception at 0x0000017ae6801d22 to 0x0000017ae68043a0
Event: 18637.920 Thread 0x0000017af93fe000 Implicit null exception at 0x0000017ae6a70742 to 0x0000017ae6a71aec

Events (20 events):
Event: 18639.226 loading class org/jetbrains/kotlin/psi/KtExpression done
Event: 18639.226 loading class org/jetbrains/kotlin/psi/KtExpression
Event: 18639.226 loading class org/jetbrains/kotlin/psi/KtExpression done
Event: 18639.226 loading class org/jetbrains/kotlin/psi/KtNamedFunction
Event: 18639.226 loading class org/jetbrains/kotlin/psi/KtNamedFunction done
Event: 18639.226 loading class org/jetbrains/kotlin/psi/stubs/impl/KotlinFunctionStubImpl
Event: 18639.226 loading class org/jetbrains/kotlin/psi/stubs/impl/KotlinFunctionStubImpl done
Event: 18639.227 loading class com/intellij/openapi/project/ProjectCoreUtil
Event: 18639.227 loading class com/intellij/openapi/project/ProjectCoreUtil done
Event: 18639.231 loading class it/unimi/dsi/fastutil/ints/IntArrays
Event: 18639.231 loading class it/unimi/dsi/fastutil/ints/IntArrays done
Event: 18639.234 loading class it/unimi/dsi/fastutil/ints/IntArrays$ForkJoinQuickSortIndirect
Event: 18639.234 loading class it/unimi/dsi/fastutil/ints/IntArrays$ForkJoinQuickSortIndirect done
Event: 18639.234 loading class it/unimi/dsi/fastutil/ints/IntArrays$ForkJoinQuickSort2
Event: 18639.234 loading class it/unimi/dsi/fastutil/ints/IntArrays$ForkJoinQuickSort2 done
Event: 18639.235 loading class it/unimi/dsi/fastutil/ints/IntArrays$ForkJoinQuickSort
Event: 18639.235 loading class it/unimi/dsi/fastutil/ints/IntArrays$ForkJoinQuickSort done
Event: 18639.235 loading class it/unimi/dsi/fastutil/ints/IntArrays$ForkJoinQuickSortComp
Event: 18639.235 loading class it/unimi/dsi/fastutil/ints/IntArrays$ForkJoinQuickSortComp done
Event: 18639.235 Executing VM operation: CollectForMetadataAllocation


Dynamic libraries:
0x00007ff78ae50000 - 0x00007ff78ae5a000 	C:\Program Files\Android\Android Studio\jre\bin\java.exe
0x00007ffe8b560000 - 0x00007ffe8b767000 	C:\WINDOWS\SYSTEM32\ntdll.dll
0x00007ffe89c90000 - 0x00007ffe89d4d000 	C:\WINDOWS\System32\KERNEL32.DLL
0x00007ffe88dc0000 - 0x00007ffe89134000 	C:\WINDOWS\System32\KERNELBASE.dll
0x00007ffe89260000 - 0x00007ffe89371000 	C:\WINDOWS\System32\ucrtbase.dll
0x00007ffe22760000 - 0x00007ffe22779000 	C:\Program Files\Android\Android Studio\jre\bin\jli.dll
0x00007ffe16940000 - 0x00007ffe16957000 	C:\Program Files\Android\Android Studio\jre\bin\VCRUNTIME140.dll
0x00007ffe89d60000 - 0x00007ffe89f0c000 	C:\WINDOWS\System32\USER32.dll
0x00007ffe5c5d0000 - 0x00007ffe5c875000 	C:\WINDOWS\WinSxS\amd64_microsoft.windows.common-controls_6595b64144ccf1df_6.0.22000.120_none_9d947278b86cc467\COMCTL32.dll
0x00007ffe88b60000 - 0x00007ffe88b86000 	C:\WINDOWS\System32\win32u.dll
0x00007ffe893f0000 - 0x00007ffe89493000 	C:\WINDOWS\System32\msvcrt.dll
0x00007ffe8a950000 - 0x00007ffe8a979000 	C:\WINDOWS\System32\GDI32.dll
0x00007ffe88a40000 - 0x00007ffe88b52000 	C:\WINDOWS\System32\gdi32full.dll
0x00007ffe891c0000 - 0x00007ffe8925d000 	C:\WINDOWS\System32\msvcp_win.dll
0x00007ffe8a910000 - 0x00007ffe8a941000 	C:\WINDOWS\System32\IMM32.DLL
0x00007ffdf86a0000 - 0x00007ffdf873d000 	C:\Program Files\Android\Android Studio\jre\bin\msvcp140.dll
0x00007ffe41b00000 - 0x00007ffe425cf000 	C:\Program Files\Android\Android Studio\jre\bin\server\jvm.dll
0x00007ffe8aa60000 - 0x00007ffe8ab0c000 	C:\WINDOWS\System32\ADVAPI32.dll
0x00007ffe8b2c0000 - 0x00007ffe8b35d000 	C:\WINDOWS\System32\sechost.dll
0x00007ffe8a7e0000 - 0x00007ffe8a901000 	C:\WINDOWS\System32\RPCRT4.dll
0x00007ffe8a9f0000 - 0x00007ffe8a9f8000 	C:\WINDOWS\System32\PSAPI.DLL
0x00007ffe7b030000 - 0x00007ffe7b039000 	C:\WINDOWS\SYSTEM32\WSOCK32.dll
0x00007ffe82340000 - 0x00007ffe8234a000 	C:\WINDOWS\SYSTEM32\VERSION.dll
0x00007ffe83230000 - 0x00007ffe83263000 	C:\WINDOWS\SYSTEM32\WINMM.dll
0x00007ffe89c20000 - 0x00007ffe89c8f000 	C:\WINDOWS\System32\WS2_32.dll
0x00007ffe87c50000 - 0x00007ffe87c68000 	C:\WINDOWS\SYSTEM32\kernel.appcore.dll
0x00007ffe68410000 - 0x00007ffe68421000 	C:\Program Files\Android\Android Studio\jre\bin\verify.dll
0x00007ffe81a50000 - 0x00007ffe81c71000 	C:\WINDOWS\SYSTEM32\DBGHELP.DLL
0x00007ffe819d0000 - 0x00007ffe81a01000 	C:\WINDOWS\SYSTEM32\dbgcore.DLL
0x00007ffe89140000 - 0x00007ffe891c0000 	C:\WINDOWS\System32\bcryptPrimitives.dll
0x00007ffe65a30000 - 0x00007ffe65a59000 	C:\Program Files\Android\Android Studio\jre\bin\java.dll
0x00007ffe73540000 - 0x00007ffe7354b000 	C:\Program Files\Android\Android Studio\jre\bin\jimage.dll
0x00007ffe66f60000 - 0x00007ffe66f78000 	C:\Program Files\Android\Android Studio\jre\bin\zip.dll
0x00007ffe8ab10000 - 0x00007ffe8b2ba000 	C:\WINDOWS\System32\SHELL32.dll
0x00007ffe86be0000 - 0x00007ffe87442000 	C:\WINDOWS\SYSTEM32\windows.storage.dll
0x00007ffe89600000 - 0x00007ffe89978000 	C:\WINDOWS\System32\combase.dll
0x00007ffe86a70000 - 0x00007ffe86bd6000 	C:\WINDOWS\SYSTEM32\wintypes.dll
0x00007ffe8a6f0000 - 0x00007ffe8a7da000 	C:\WINDOWS\System32\SHCORE.dll
0x00007ffe8a690000 - 0x00007ffe8a6ed000 	C:\WINDOWS\System32\shlwapi.dll
0x00007ffe88970000 - 0x00007ffe88991000 	C:\WINDOWS\SYSTEM32\profapi.dll
0x00007ffe65440000 - 0x00007ffe6545a000 	C:\Program Files\Android\Android Studio\jre\bin\net.dll
0x00007ffe83050000 - 0x00007ffe8315c000 	C:\WINDOWS\SYSTEM32\WINHTTP.dll
0x00007ffe88060000 - 0x00007ffe880c7000 	C:\WINDOWS\system32\mswsock.dll
0x00007ffe64df0000 - 0x00007ffe64e04000 	C:\Program Files\Android\Android Studio\jre\bin\nio.dll
0x00007ffe73500000 - 0x00007ffe73527000 	C:\Users\Jlogblpb\.gradle\native\8bec1ad78214c89d9ad589b4d07fe93259594b29d510b10fafb7a158f7737e5d\windows-amd64\native-platform.dll
0x00007ffdff590000 - 0x00007ffdff6cd000 	C:\Users\Jlogblpb\.gradle\native\53dbd7edfb1c66fb8903c78663c9afc45aea4f116125fa6feffd364cf09443e8\windows-amd64\native-platform-file-events.dll
0x00007ffe68400000 - 0x00007ffe6840a000 	C:\Program Files\Android\Android Studio\jre\bin\management.dll
0x00007ffe65cb0000 - 0x00007ffe65cbc000 	C:\Program Files\Android\Android Studio\jre\bin\management_ext.dll
0x00007ffe882a0000 - 0x00007ffe882b8000 	C:\WINDOWS\SYSTEM32\CRYPTSP.dll
0x00007ffe87bb0000 - 0x00007ffe87be5000 	C:\WINDOWS\system32\rsaenh.dll
0x00007ffe88150000 - 0x00007ffe88179000 	C:\WINDOWS\SYSTEM32\USERENV.dll
0x00007ffe88420000 - 0x00007ffe88447000 	C:\WINDOWS\SYSTEM32\bcrypt.dll
0x00007ffe882c0000 - 0x00007ffe882cc000 	C:\WINDOWS\SYSTEM32\CRYPTBASE.dll
0x00007ffe87710000 - 0x00007ffe8773d000 	C:\WINDOWS\SYSTEM32\IPHLPAPI.DLL
0x00007ffe8a500000 - 0x00007ffe8a509000 	C:\WINDOWS\System32\NSI.dll
0x00007ffe82e10000 - 0x00007ffe82e29000 	C:\WINDOWS\SYSTEM32\dhcpcsvc6.DLL
0x00007ffe83530000 - 0x00007ffe8354e000 	C:\WINDOWS\SYSTEM32\dhcpcsvc.DLL
0x00007ffe87740000 - 0x00007ffe87827000 	C:\WINDOWS\SYSTEM32\DNSAPI.dll
0x00007ffe81d70000 - 0x00007ffe81d8e000 	C:\Users\Jlogblpb\AppData\Local\Temp\native-platform13690646208962161135dir\native-platform.dll
0x00007ffe81da0000 - 0x00007ffe81da8000 	C:\Program Files\Android\Android Studio\jre\bin\rmi.dll
0x00007ffe561f0000 - 0x00007ffe56217000 	C:\Program Files\Android\Android Studio\jre\bin\sunec.dll
0x00007ffe7e060000 - 0x00007ffe7e06a000 	C:\Windows\System32\rasadhlp.dll
0x00007ffe82080000 - 0x00007ffe82101000 	C:\WINDOWS\System32\fwpuclnt.dll

dbghelp: loaded successfully - version: 4.0.5 - missing functions: none
symbol engine: initialized successfully - sym options: 0x614 - pdb path: .;C:\Program Files\Android\Android Studio\jre\bin;C:\WINDOWS\SYSTEM32;C:\WINDOWS\WinSxS\amd64_microsoft.windows.common-controls_6595b64144ccf1df_6.0.22000.120_none_9d947278b86cc467;C:\Program Files\Android\Android Studio\jre\bin\server;C:\Users\Jlogblpb\.gradle\native\8bec1ad78214c89d9ad589b4d07fe93259594b29d510b10fafb7a158f7737e5d\windows-amd64;C:\Users\Jlogblpb\.gradle\native\53dbd7edfb1c66fb8903c78663c9afc45aea4f116125fa6feffd364cf09443e8\windows-amd64;C:\Users\Jlogblpb\AppData\Local\Temp\native-platform13690646208962161135dir

VM Arguments:
jvm_args: --add-opens=java.base/java.util=ALL-UNNAMED --add-opens=java.base/java.lang=ALL-UNNAMED --add-opens=java.base/java.lang.invoke=ALL-UNNAMED --add-opens=java.base/java.util=ALL-UNNAMED --add-opens=java.prefs/java.util.prefs=ALL-UNNAMED --add-opens=java.prefs/java.util.prefs=ALL-UNNAMED --add-opens=java.base/java.nio.charset=ALL-UNNAMED --add-opens=java.base/java.net=ALL-UNNAMED --add-opens=java.base/java.util.concurrent.atomic=ALL-UNNAMED -Xmx2048m -Dfile.encoding=UTF-8 -Duser.country=RU -Duser.language=ru -Duser.variant 
java_command: org.gradle.launcher.daemon.bootstrap.GradleDaemon 7.0.2
java_class_path (initial): C:\Users\Jlogblpb\.gradle\wrapper\dists\gradle-7.0.2-bin\857tjihv64xamwrf0h14cai3r\gradle-7.0.2\lib\gradle-launcher-7.0.2.jar
Launcher Type: SUN_STANDARD

[Global flags]
     intx CICompilerCount                          = 4                                         {product} {ergonomic}
     uint ConcGCThreads                            = 2                                         {product} {ergonomic}
     uint G1ConcRefinementThreads                  = 8                                         {product} {ergonomic}
   size_t G1HeapRegionSize                         = 1048576                                   {product} {ergonomic}
    uintx GCDrainStackTargetSize                   = 64                                        {product} {ergonomic}
   size_t InitialHeapSize                          = 266338304                                 {product} {ergonomic}
   size_t MarkStackSize                            = 4194304                                   {product} {ergonomic}
   size_t MaxHeapSize                              = 2147483648                                {product} {command line}
   size_t MaxNewSize                               = 1287651328                                {product} {ergonomic}
   size_t MinHeapDeltaBytes                        = 1048576                                   {product} {ergonomic}
    uintx NonNMethodCodeHeapSize                   = 5836300                                {pd product} {ergonomic}
    uintx NonProfiledCodeHeapSize                  = 122910970                              {pd product} {ergonomic}
    uintx ProfiledCodeHeapSize                     = 122910970                              {pd product} {ergonomic}
    uintx ReservedCodeCacheSize                    = 251658240                              {pd product} {ergonomic}
     bool SegmentedCodeCache                       = true                                      {product} {ergonomic}
     bool UseCompressedClassPointers               = true                                 {lp64_product} {ergonomic}
     bool UseCompressedOops                        = true                                 {lp64_product} {ergonomic}
     bool UseG1GC                                  = true                                      {product} {ergonomic}
     bool UseLargePagesIndividualAllocation        = false                                  {pd product} {ergonomic}

Logging:
Log output configuration:
 #0: stdout all=warning uptime,level,tags
 #1: stderr all=off uptime,level,tags

Environment Variables:
PATH=C:\Program Files\Python39\Scripts\;C:\Program Files\Python39\;C:\Program Files (x86)\Intel\Intel(R) Management Engine Components\iCLS\;C:\Program Files\Intel\Intel(R) Management Engine Components\iCLS\;C:\Windows\system32;C:\Windows;C:\Windows\System32\Wbem;C:\Windows\System32\WindowsPowerShell\v1.0\;C:\Windows\System32\OpenSSH\;C:\Program Files (x86)\NVIDIA Corporation\PhysX\Common;C:\Program Files (x86)\Intel\Intel(R) Management Engine Components\DAL;C:\Program Files\Intel\Intel(R) Management Engine Components\DAL;C:\Program Files (x86)\Intel\Intel(R) Management Engine Components\IPT;C:\Program Files\Intel\Intel(R) Management Engine Components\IPT;C:\WINDOWS\system32;C:\WINDOWS;C:\WINDOWS\System32\Wbem;C:\WINDOWS\System32\WindowsPowerShell\v1.0\;C:\WINDOWS\System32\OpenSSH\;C:\WINDOWS\system32;C:\WINDOWS;C:\WINDOWS\System32\Wbem;C:\WINDOWS\System32\WindowsPowerShell\v1.0\;C:\WINDOWS\System32\OpenSSH\;C:\Program Files\NVIDIA Corporation\NVIDIA NvDLISR;C:\Users\Jlogblpb\AppData\Local\Microsoft\WindowsApps;C:\Users\Jlogblpb\AppData\Local\atom\bin;%USERPROFILE%\AppData\Local\Microsoft\WindowsApps;
USERNAME=Jlogblpb
OS=Windows_NT
PROCESSOR_IDENTIFIER=Intel64 Family 6 Model 158 Stepping 10, GenuineIntel



---------------  S Y S T E M  ---------------

OS: Windows 10 , 64 bit Build 22000 (10.0.22000.282)
OS uptime: 0 days 5:51 hours

CPU:total 8 (initial active 8) (4 cores per cpu, 2 threads per core) family 6 model 158 stepping 10 microcode 0xde, cmov, cx8, fxsr, mmx, sse, sse2, sse3, ssse3, sse4.1, sse4.2, popcnt, avx, avx2, aes, clmul, erms, 3dnowpref, lzcnt, ht, tsc, tscinvbit, bmi1, bmi2, adx, fma

Memory: 4k page, system-wide physical 16226M (2215M free)
TotalPageFile size 16226M (AvailPageFile size 0M)
current process WorkingSet (physical memory assigned to process): 678M, peak: 678M
current process commit charge ("private bytes"): 755M, peak: 756M

vm_info: OpenJDK 64-Bit Server VM (11.0.10+0-b96-7249189) for windows-amd64 JRE (11.0.10+0-b96-7249189), built on Mar 31 2021 21:44:00 by "builder" with MS VC++ 14.0 (VS2015)

END.
